2018-11-22 15:47:22,618 qcc_test.py [line:43] INFO must be str, not NoneType
2018-11-22 16:38:16,266 qcc_test.py [line:38] INFO 使用代理203.86.26.9:3128
2018-11-22 16:39:18,328 qcc_test.py [line:38] INFO 使用代理41.222.226.47:80
2018-11-22 16:39:20,890 http_tools.py [line:225] INFO conn--error-->请求失败url{https://www.qichacha.com/search} HTTPSConnectionPool(host='www.qichacha.com', port=443): Max retries exceeded with url: /search?key=%E6%B7%B1%E5%9C%B3%E5%B8%82%E4%B8%AD%E9%BE%99%E4%BF%A1%E6%81%AF%E7%A7%91%E6%8A%80%E6%9C%89%E9%99%90%E5%85%AC%E5%8F%B8 (Caused by ProxyError('Cannot connect to proxy.', RemoteDisconnected('Remote end closed connection without response',)))
2018-11-22 16:39:32,253 http_tools.py [line:225] INFO conn--error-->请求失败url{https://www.qichacha.com/search} HTTPSConnectionPool(host='www.qichacha.com', port=443): Max retries exceeded with url: /search?key=%E6%B7%B1%E5%9C%B3%E5%B8%82%E4%B8%AD%E9%BE%99%E4%BF%A1%E6%81%AF%E7%A7%91%E6%8A%80%E6%9C%89%E9%99%90%E5%85%AC%E5%8F%B8 (Caused by ProxyError('Cannot connect to proxy.', RemoteDisconnected('Remote end closed connection without response',)))
2018-11-22 16:39:43,621 http_tools.py [line:225] INFO conn--error-->请求失败url{https://www.qichacha.com/search} HTTPSConnectionPool(host='www.qichacha.com', port=443): Max retries exceeded with url: /search?key=%E6%B7%B1%E5%9C%B3%E5%B8%82%E4%B8%AD%E9%BE%99%E4%BF%A1%E6%81%AF%E7%A7%91%E6%8A%80%E6%9C%89%E9%99%90%E5%85%AC%E5%8F%B8 (Caused by ProxyError('Cannot connect to proxy.', RemoteDisconnected('Remote end closed connection without response',)))
2018-11-22 16:39:54,979 http_tools.py [line:225] INFO conn--error-->请求失败url{https://www.qichacha.com/search} HTTPSConnectionPool(host='www.qichacha.com', port=443): Max retries exceeded with url: /search?key=%E6%B7%B1%E5%9C%B3%E5%B8%82%E4%B8%AD%E9%BE%99%E4%BF%A1%E6%81%AF%E7%A7%91%E6%8A%80%E6%9C%89%E9%99%90%E5%85%AC%E5%8F%B8 (Caused by ProxyError('Cannot connect to proxy.', RemoteDisconnected('Remote end closed connection without response',)))
2018-11-22 16:40:06,339 http_tools.py [line:225] INFO conn--error-->请求失败url{https://www.qichacha.com/search} HTTPSConnectionPool(host='www.qichacha.com', port=443): Max retries exceeded with url: /search?key=%E6%B7%B1%E5%9C%B3%E5%B8%82%E4%B8%AD%E9%BE%99%E4%BF%A1%E6%81%AF%E7%A7%91%E6%8A%80%E6%9C%89%E9%99%90%E5%85%AC%E5%8F%B8 (Caused by ProxyError('Cannot connect to proxy.', RemoteDisconnected('Remote end closed connection without response',)))
2018-11-22 16:40:18,358 http_tools.py [line:202] INFO 使用代理120.83.49.72:9000
2018-11-22 16:44:43,821 qcc_test.py [line:38] INFO 使用代理120.27.126.223:808
2018-11-22 16:44:45,036 qcc_test.py [line:52] INFO must be str, not NoneType
2018-11-22 16:44:47,057 qcc_test.py [line:38] INFO 使用代理221.2.174.28:8060
2018-11-22 16:44:47,174 http_tools.py [line:225] INFO conn--error-->请求失败url{https://www.qichacha.com/search} ('Connection aborted.', BadStatusLine('<html>\r\n',))
2018-11-22 16:44:57,245 http_tools.py [line:225] INFO conn--error-->请求失败url{https://www.qichacha.com/search} ('Connection aborted.', BadStatusLine('<html>\r\n',))
2018-11-22 16:45:08,775 http_tools.py [line:225] INFO conn--error-->请求失败url{https://www.qichacha.com/search} ('Connection aborted.', BadStatusLine('<html>\r\n',))
2018-11-22 16:47:13,482 qcc_test.py [line:38] INFO 使用代理125.21.43.82:8080
2018-11-22 16:48:13,852 http_tools.py [line:225] INFO conn--error-->请求失败url{https://www.qichacha.com/search} HTTPSConnectionPool(host='www.qichacha.com', port=443): Max retries exceeded with url: /search?key=%E6%B7%B1%E5%9C%B3%E5%B8%82%E4%B9%9F%E4%B9%B0%E8%82%A1%E4%BA%92%E8%81%94%E7%BD%91%E9%87%91%E8%9E%8D%E6%9C%8D%E5%8A%A1%E6%9C%89%E9%99%90%E5%85%AC%E5%8F%B8 (Caused by SSLError(SSLError("bad handshake: SysCallError(-1, 'Unexpected EOF')",),))
2018-11-22 16:49:52,130 http_tools.py [line:225] INFO conn--error-->请求失败url{https://www.qichacha.com/search} HTTPSConnectionPool(host='www.qichacha.com', port=443): Max retries exceeded with url: /search?key=%E6%B7%B1%E5%9C%B3%E5%B8%82%E4%B9%9F%E4%B9%B0%E8%82%A1%E4%BA%92%E8%81%94%E7%BD%91%E9%87%91%E8%9E%8D%E6%9C%8D%E5%8A%A1%E6%9C%89%E9%99%90%E5%85%AC%E5%8F%B8 (Caused by ProxyError('Cannot connect to proxy.', timeout('select timed out',)))
2018-11-22 16:50:32,072 qcc_test.py [line:38] INFO 使用代理218.60.8.99:3129
2018-11-22 16:51:19,971 http_tools.py [line:216] INFO continue and 跟换 headers; code error:403{https://www.qichacha.com/search}
2018-11-22 16:51:34,325 http_tools.py [line:216] INFO continue and 跟换 headers; code error:403{https://www.qichacha.com/search}
2018-11-22 16:51:41,393 http_tools.py [line:216] INFO continue and 跟换 headers; code error:403{https://www.qichacha.com/search}
2018-11-22 16:51:48,246 http_tools.py [line:216] INFO continue and 跟换 headers; code error:403{https://www.qichacha.com/search}
2018-11-22 16:51:56,867 http_tools.py [line:216] INFO continue and 跟换 headers; code error:403{https://www.qichacha.com/search}
2018-11-22 16:52:05,991 http_tools.py [line:202] INFO 使用代理222.139.120.102:8060
2018-11-22 17:13:20,636 http_tools.py [line:216] INFO continue and 跟换 headers; code error:405{https://www.qichacha.com/search}
2018-11-22 17:13:38,080 http_tools.py [line:216] INFO continue and 跟换 headers; code error:405{https://www.qichacha.com/search}
2018-11-22 17:14:06,246 http_tools.py [line:216] INFO continue and 跟换 headers; code error:405{https://www.qichacha.com/search}
2018-11-22 17:14:26,014 http_tools.py [line:216] INFO continue and 跟换 headers; code error:405{https://www.qichacha.com/search}
2018-11-22 17:14:49,789 http_tools.py [line:216] INFO continue and 跟换 headers; code error:405{https://www.qichacha.com/search}
2018-11-22 17:15:08,813 http_tools.py [line:202] INFO 使用代理222.139.120.102:8060
2018-11-22 17:15:12,068 http_tools.py [line:225] INFO conn--error-->请求失败url{https://www.qichacha.com/search} ('Connection aborted.', BadStatusLine('<html>\r\n',))
2018-11-22 17:15:24,088 http_tools.py [line:202] INFO 使用代理119.123.175.226:9797
2018-11-22 17:15:30,660 qcc_test.py [line:47] INFO must be str, not NoneType
2018-11-22 17:15:31,759 http_tools.py [line:216] INFO continue and 跟换 headers; code error:405{https://www.qichacha.com/search}
2018-11-22 17:15:55,051 http_tools.py [line:216] INFO continue and 跟换 headers; code error:405{https://www.qichacha.com/search}
2018-11-22 17:16:08,231 http_tools.py [line:216] INFO continue and 跟换 headers; code error:405{https://www.qichacha.com/search}
2018-11-22 17:16:34,315 http_tools.py [line:216] INFO continue and 跟换 headers; code error:405{https://www.qichacha.com/search}
2018-11-22 17:16:56,100 http_tools.py [line:216] INFO continue and 跟换 headers; code error:405{https://www.qichacha.com/search}
2018-11-22 17:17:13,124 http_tools.py [line:202] INFO 使用代理218.60.8.98:3129
2018-11-22 17:17:14,070 http_tools.py [line:216] INFO continue and 跟换 headers; code error:403{https://www.qichacha.com/search}
2018-11-22 17:17:37,090 http_tools.py [line:202] INFO 使用代理218.60.8.99:3129
2018-11-22 17:17:37,834 http_tools.py [line:216] INFO continue and 跟换 headers; code error:403{https://www.qichacha.com/search}
2018-11-22 17:18:04,855 http_tools.py [line:202] INFO 使用代理221.2.174.28:8060
2018-11-22 17:18:04,936 http_tools.py [line:225] INFO conn--error-->请求失败url{https://www.qichacha.com/search} ('Connection aborted.', BadStatusLine('<html>\r\n',))
2018-11-22 17:18:16,953 http_tools.py [line:202] INFO 使用代理114.95.142.55:8060
2018-11-22 17:18:20,132 http_tools.py [line:225] INFO conn--error-->请求失败url{https://www.qichacha.com/search} ('Connection aborted.', BadStatusLine('<html>\r\n',))
2018-11-22 17:18:32,150 http_tools.py [line:202] INFO 使用代理101.236.32.119:3128
2018-11-22 17:19:40,200 http_tools.py [line:225] INFO conn--error-->请求失败url{https://www.qichacha.com/search} HTTPSConnectionPool(host='www.qichacha.com', port=443): Max retries exceeded with url: /search?key=%E4%B8%8A%E6%B5%B7%E5%BE%BD%E9%80%9A%E9%87%91%E8%9E%8D%E4%BF%A1%E6%81%AF%E6%9C%8D%E5%8A%A1%E6%9C%89%E9%99%90%E5%85%AC%E5%8F%B8 (Caused by ProxyError('Cannot connect to proxy.', timeout('select timed out',)))
2018-11-22 17:19:52,227 http_tools.py [line:202] INFO 使用代理120.27.126.223:808
2018-11-22 17:19:54,295 qcc_test.py [line:47] INFO must be str, not NoneType
2018-11-22 17:19:56,169 http_tools.py [line:216] INFO continue and 跟换 headers; code error:405{https://www.qichacha.com/search}
2018-11-22 17:20:19,852 http_tools.py [line:216] INFO continue and 跟换 headers; code error:405{https://www.qichacha.com/search}
2018-11-22 17:20:41,699 http_tools.py [line:216] INFO continue and 跟换 headers; code error:405{https://www.qichacha.com/search}
2018-11-22 17:21:12,912 http_tools.py [line:216] INFO continue and 跟换 headers; code error:405{https://www.qichacha.com/search}
2018-11-22 17:21:43,419 http_tools.py [line:216] INFO continue and 跟换 headers; code error:405{https://www.qichacha.com/search}
2018-11-22 17:22:01,443 http_tools.py [line:202] INFO 使用代理218.60.8.98:3129
2018-11-22 17:22:03,022 http_tools.py [line:216] INFO continue and 跟换 headers; code error:403{https://www.qichacha.com/search}
2018-11-22 17:22:34,045 http_tools.py [line:202] INFO 使用代理203.86.26.9:3128
2018-11-22 17:22:59,093 qcc_test.py [line:47] INFO must be str, not NoneType
2018-11-22 17:22:59,915 http_tools.py [line:216] INFO continue and 跟换 headers; code error:405{https://www.qichacha.com/search}
2018-11-22 17:23:19,504 http_tools.py [line:216] INFO continue and 跟换 headers; code error:405{https://www.qichacha.com/search}
2018-11-22 17:23:29,899 http_tools.py [line:216] INFO continue and 跟换 headers; code error:405{https://www.qichacha.com/search}
2018-11-22 17:23:47,772 http_tools.py [line:216] INFO continue and 跟换 headers; code error:405{https://www.qichacha.com/search}
2018-11-22 17:24:07,254 http_tools.py [line:216] INFO continue and 跟换 headers; code error:405{https://www.qichacha.com/search}
2018-11-22 17:24:24,273 http_tools.py [line:202] INFO 使用代理116.196.83.125:9999
2018-11-22 17:24:25,453 http_tools.py [line:225] INFO conn--error-->请求失败url{https://www.qichacha.com/search} HTTPSConnectionPool(host='www.qichacha.com', port=443): Max retries exceeded with url: /search?key=%E5%B9%BF%E5%B7%9E%E7%9B%9B%E7%BF%BC%E6%8A%95%E8%B5%84%E7%AE%A1%E7%90%86%E6%9C%89%E9%99%90%E5%85%AC%E5%8F%B8 (Caused by ProxyError('Cannot connect to proxy.', OSError('Tunnel connection failed: 400 Bad Request',)))
2018-11-22 17:24:37,475 http_tools.py [line:202] INFO 使用代理136.228.128.6:59680
2018-11-22 17:25:19,453 http_tools.py [line:225] INFO conn--error-->请求失败url{https://www.qichacha.com/search} HTTPSConnectionPool(host='www.qichacha.com', port=443): Max retries exceeded with url: /search?key=%E5%B9%BF%E5%B7%9E%E7%9B%9B%E7%BF%BC%E6%8A%95%E8%B5%84%E7%AE%A1%E7%90%86%E6%9C%89%E9%99%90%E5%85%AC%E5%8F%B8 (Caused by SSLError(SSLError("bad handshake: SysCallError(-1, 'Unexpected EOF')",),))
2018-11-22 17:25:31,472 http_tools.py [line:202] INFO 使用代理101.236.57.99:8866
2018-11-22 17:25:33,805 qcc_test.py [line:47] INFO must be str, not NoneType
2018-11-22 17:25:34,906 http_tools.py [line:216] INFO continue and 跟换 headers; code error:405{https://www.qichacha.com/search}
2018-11-22 17:25:45,365 http_tools.py [line:216] INFO continue and 跟换 headers; code error:405{https://www.qichacha.com/search}
2018-11-22 17:26:05,957 http_tools.py [line:216] INFO continue and 跟换 headers; code error:405{https://www.qichacha.com/search}
2018-11-22 17:26:33,123 http_tools.py [line:216] INFO continue and 跟换 headers; code error:405{https://www.qichacha.com/search}
2018-11-22 17:27:02,053 http_tools.py [line:216] INFO continue and 跟换 headers; code error:405{https://www.qichacha.com/search}
2018-11-22 17:27:31,074 http_tools.py [line:202] INFO 使用代理39.137.69.10:8080
2018-11-22 17:27:31,496 http_tools.py [line:225] INFO conn--error-->请求失败url{https://www.qichacha.com/search} ('Connection aborted.', BadStatusLine('<!DOCTYPE HTML PUBLIC "-//IETF//DTD HTML 2.0//EN">\r\n',))
2018-11-22 17:27:43,520 http_tools.py [line:202] INFO 使用代理45.40.206.190:9999
2018-11-22 17:27:43,720 http_tools.py [line:225] INFO conn--error-->请求失败url{https://www.qichacha.com/search} HTTPSConnectionPool(host='www.qichacha.com', port=443): Max retries exceeded with url: /search?key=%E7%BB%8D%E5%85%B4%E4%BD%B3%E6%B6%A6%E6%8A%95%E8%B5%84%E7%AE%A1%E7%90%86%E6%9C%89%E9%99%90%E5%85%AC%E5%8F%B8 (Caused by ProxyError('Cannot connect to proxy.', RemoteDisconnected('Remote end closed connection without response',)))
2018-11-22 17:27:55,741 http_tools.py [line:202] INFO 使用代理218.60.8.99:3129
2018-11-22 17:27:57,087 http_tools.py [line:216] INFO continue and 跟换 headers; code error:403{https://www.qichacha.com/search}
2018-11-22 17:28:21,110 http_tools.py [line:202] INFO 使用代理182.18.13.149:53281
2018-11-22 17:28:42,115 http_tools.py [line:225] INFO conn--error-->请求失败url{https://www.qichacha.com/search} HTTPSConnectionPool(host='www.qichacha.com', port=443): Max retries exceeded with url: /search?key=%E7%BB%8D%E5%85%B4%E4%BD%B3%E6%B6%A6%E6%8A%95%E8%B5%84%E7%AE%A1%E7%90%86%E6%9C%89%E9%99%90%E5%85%AC%E5%8F%B8 (Caused by ProxyError('Cannot connect to proxy.', NewConnectionError('<urllib3.connection.VerifiedHTTPSConnection object at 0x0A62E550>: Failed to establish a new connection: [WinError 10060] 由于连接方在一段时间后没有正确答复或连接的主机没有反应，连接尝试失败。',)))
2018-11-22 17:28:54,151 http_tools.py [line:202] INFO 使用代理123.97.180.249:8060
2018-11-22 17:28:54,221 http_tools.py [line:225] INFO conn--error-->请求失败url{https://www.qichacha.com/search} ('Connection aborted.', BadStatusLine('<html>\r\n',))
2018-11-22 17:29:06,242 http_tools.py [line:202] INFO 使用代理120.92.74.237:3128
2018-11-22 17:29:12,089 http_tools.py [line:216] INFO continue and 跟换 headers; code error:405{https://www.qichacha.com/search}
2018-11-22 17:29:34,903 http_tools.py [line:216] INFO continue and 跟换 headers; code error:405{https://www.qichacha.com/search}
2018-11-22 17:29:55,335 http_tools.py [line:216] INFO continue and 跟换 headers; code error:405{https://www.qichacha.com/search}
2018-11-22 17:30:09,432 http_tools.py [line:216] INFO continue and 跟换 headers; code error:405{https://www.qichacha.com/search}
2018-11-22 17:30:28,263 http_tools.py [line:216] INFO continue and 跟换 headers; code error:405{https://www.qichacha.com/search}
2018-11-22 17:30:44,283 http_tools.py [line:202] INFO 使用代理171.221.239.11:808
2018-11-22 17:30:50,312 qcc_test.py [line:47] INFO must be str, not NoneType
2018-11-22 17:30:51,551 http_tools.py [line:216] INFO continue and 跟换 headers; code error:405{https://www.qichacha.com/search}
2018-11-22 17:31:05,997 http_tools.py [line:216] INFO continue and 跟换 headers; code error:405{https://www.qichacha.com/search}
2018-11-22 17:31:22,338 http_tools.py [line:216] INFO continue and 跟换 headers; code error:405{https://www.qichacha.com/search}
2018-11-22 17:31:52,608 http_tools.py [line:216] INFO continue and 跟换 headers; code error:405{https://www.qichacha.com/search}
2018-11-22 17:32:21,835 http_tools.py [line:216] INFO continue and 跟换 headers; code error:405{https://www.qichacha.com/search}
2018-11-22 17:32:52,858 http_tools.py [line:202] INFO 使用代理111.72.159.108:8060
2018-11-22 17:32:53,147 http_tools.py [line:225] INFO conn--error-->请求失败url{https://www.qichacha.com/search} ('Connection aborted.', BadStatusLine('<html>\r\n',))
2018-11-22 17:33:05,168 http_tools.py [line:202] INFO 使用代理222.139.120.102:8060
2018-11-22 17:33:05,218 http_tools.py [line:225] INFO conn--error-->请求失败url{https://www.qichacha.com/search} ('Connection aborted.', BadStatusLine('<html>\r\n',))
2018-11-22 17:33:17,237 http_tools.py [line:202] INFO 使用代理58.53.128.83:3128
2018-11-22 17:33:17,728 qcc_test.py [line:47] INFO must be str, not NoneType
2018-11-22 17:33:19,066 http_tools.py [line:216] INFO continue and 跟换 headers; code error:405{https://www.qichacha.com/search}
2018-11-22 17:33:34,192 http_tools.py [line:216] INFO continue and 跟换 headers; code error:405{https://www.qichacha.com/search}
2018-11-22 17:33:47,991 http_tools.py [line:216] INFO continue and 跟换 headers; code error:405{https://www.qichacha.com/search}
2018-11-22 17:34:10,026 http_tools.py [line:216] INFO continue and 跟换 headers; code error:405{https://www.qichacha.com/search}
2018-11-22 17:34:32,157 http_tools.py [line:216] INFO continue and 跟换 headers; code error:405{https://www.qichacha.com/search}
2018-11-22 17:34:55,180 http_tools.py [line:202] INFO 使用代理114.116.10.21:3128
2018-11-22 17:35:00,580 qcc_test.py [line:47] INFO must be str, not NoneType
2018-11-22 17:35:02,643 http_tools.py [line:216] INFO continue and 跟换 headers; code error:405{https://www.qichacha.com/search}
2018-11-22 17:35:15,963 http_tools.py [line:216] INFO continue and 跟换 headers; code error:405{https://www.qichacha.com/search}
2018-11-22 17:35:34,966 http_tools.py [line:216] INFO continue and 跟换 headers; code error:405{https://www.qichacha.com/search}
2018-11-22 17:35:52,824 http_tools.py [line:216] INFO continue and 跟换 headers; code error:405{https://www.qichacha.com/search}
2018-11-22 17:36:06,819 http_tools.py [line:216] INFO continue and 跟换 headers; code error:405{https://www.qichacha.com/search}
2018-11-22 17:36:30,839 http_tools.py [line:202] INFO 使用代理111.230.183.90:8000
2018-11-22 17:36:33,446 qcc_test.py [line:47] INFO must be str, not NoneType
2018-11-22 17:36:34,122 http_tools.py [line:216] INFO continue and 跟换 headers; code error:405{https://www.qichacha.com/search}
2018-11-22 17:37:00,223 http_tools.py [line:216] INFO continue and 跟换 headers; code error:405{https://www.qichacha.com/search}
2018-11-22 17:37:13,288 http_tools.py [line:216] INFO continue and 跟换 headers; code error:405{https://www.qichacha.com/search}
2018-11-22 17:37:40,244 http_tools.py [line:216] INFO continue and 跟换 headers; code error:405{https://www.qichacha.com/search}
2018-11-22 17:37:51,536 http_tools.py [line:216] INFO continue and 跟换 headers; code error:405{https://www.qichacha.com/search}
2018-11-22 17:38:03,558 http_tools.py [line:202] INFO 使用代理39.137.69.7:8080
2018-11-22 17:38:03,861 http_tools.py [line:225] INFO conn--error-->请求失败url{https://www.qichacha.com/search} ('Connection aborted.', BadStatusLine('<!DOCTYPE HTML PUBLIC "-//IETF//DTD HTML 2.0//EN">\r\n',))
2018-11-22 17:38:15,882 http_tools.py [line:202] INFO 使用代理114.116.10.21:3128
2018-11-22 17:38:17,864 qcc_test.py [line:47] INFO must be str, not NoneType
2018-11-22 17:38:19,557 http_tools.py [line:216] INFO continue and 跟换 headers; code error:405{https://www.qichacha.com/search}
2018-11-22 17:38:46,736 http_tools.py [line:216] INFO continue and 跟换 headers; code error:405{https://www.qichacha.com/search}
2018-11-22 17:38:59,068 http_tools.py [line:216] INFO continue and 跟换 headers; code error:405{https://www.qichacha.com/search}
2018-11-22 17:39:09,669 http_tools.py [line:216] INFO continue and 跟换 headers; code error:405{https://www.qichacha.com/search}
2018-11-22 17:39:23,810 http_tools.py [line:216] INFO continue and 跟换 headers; code error:405{https://www.qichacha.com/search}
2018-11-22 17:39:51,827 http_tools.py [line:202] INFO 使用代理123.97.180.249:8060
2018-11-22 17:39:52,022 http_tools.py [line:225] INFO conn--error-->请求失败url{https://www.qichacha.com/search} ('Connection aborted.', BadStatusLine('<html>\r\n',))
2018-11-22 17:40:04,041 http_tools.py [line:202] INFO 使用代理202.93.128.98:3128
2018-11-22 17:40:08,463 qcc_test.py [line:47] INFO must be str, not NoneType
2018-11-22 17:40:09,238 http_tools.py [line:216] INFO continue and 跟换 headers; code error:405{https://www.qichacha.com/search}
2018-11-22 17:40:25,846 http_tools.py [line:216] INFO continue and 跟换 headers; code error:405{https://www.qichacha.com/search}
2018-11-22 17:40:44,106 http_tools.py [line:216] INFO continue and 跟换 headers; code error:405{https://www.qichacha.com/search}
2018-11-22 17:41:03,001 http_tools.py [line:216] INFO continue and 跟换 headers; code error:405{https://www.qichacha.com/search}
2018-11-22 17:41:32,635 http_tools.py [line:216] INFO continue and 跟换 headers; code error:405{https://www.qichacha.com/search}
2018-11-22 17:41:58,672 http_tools.py [line:202] INFO 使用代理123.97.180.249:8060
2018-11-22 17:41:58,729 http_tools.py [line:225] INFO conn--error-->请求失败url{https://www.qichacha.com/search} ('Connection aborted.', BadStatusLine('<html>\r\n',))
2018-11-22 17:42:10,749 http_tools.py [line:202] INFO 使用代理89.22.175.42:8080
2018-11-22 17:42:22,483 qcc_test.py [line:47] INFO must be str, not NoneType
2018-11-22 17:42:24,338 http_tools.py [line:216] INFO continue and 跟换 headers; code error:405{https://www.qichacha.com/search}
2018-11-22 17:42:39,332 http_tools.py [line:216] INFO continue and 跟换 headers; code error:405{https://www.qichacha.com/search}
2018-11-22 17:43:07,727 http_tools.py [line:216] INFO continue and 跟换 headers; code error:405{https://www.qichacha.com/search}
2018-11-22 17:43:37,227 http_tools.py [line:216] INFO continue and 跟换 headers; code error:405{https://www.qichacha.com/search}
2018-11-22 17:43:50,503 http_tools.py [line:216] INFO continue and 跟换 headers; code error:405{https://www.qichacha.com/search}
2018-11-22 17:44:02,523 http_tools.py [line:202] INFO 使用代理115.159.31.195:8080
2018-11-22 17:44:02,701 http_tools.py [line:225] INFO conn--error-->请求失败url{https://www.qichacha.com/search} HTTPSConnectionPool(host='www.qichacha.com', port=443): Max retries exceeded with url: /search?key=%E7%A6%8F%E5%BB%BA%E6%97%B6%E5%8F%91%E9%87%91%E8%9E%8D%E4%BF%A1%E6%81%AF%E6%9C%8D%E5%8A%A1%E6%9C%89%E9%99%90%E5%85%AC%E5%8F%B8 (Caused by ProxyError('Cannot connect to proxy.', OSError('Tunnel connection failed: 400 Bad Request',)))
2018-11-22 17:44:14,727 http_tools.py [line:202] INFO 使用代理89.22.175.42:8080
2018-11-22 17:44:19,352 qcc_test.py [line:47] INFO must be str, not NoneType
2018-11-22 17:44:20,351 http_tools.py [line:216] INFO continue and 跟换 headers; code error:405{https://www.qichacha.com/search}
2018-11-22 17:44:46,942 http_tools.py [line:216] INFO continue and 跟换 headers; code error:405{https://www.qichacha.com/search}
2018-11-22 17:45:07,595 http_tools.py [line:216] INFO continue and 跟换 headers; code error:405{https://www.qichacha.com/search}
2018-11-22 17:45:30,680 http_tools.py [line:216] INFO continue and 跟换 headers; code error:405{https://www.qichacha.com/search}
2018-11-22 17:45:50,566 http_tools.py [line:216] INFO continue and 跟换 headers; code error:405{https://www.qichacha.com/search}
2018-11-22 17:46:08,610 http_tools.py [line:202] INFO 使用代理120.83.49.90:9000
2018-11-22 17:46:29,613 http_tools.py [line:225] INFO conn--error-->请求失败url{https://www.qichacha.com/search} HTTPSConnectionPool(host='www.qichacha.com', port=443): Max retries exceeded with url: /search?key=%E6%B3%BD%E5%AA%9B%28%E4%B8%8A%E6%B5%B7%29%E6%8A%95%E8%B5%84%E7%AE%A1%E7%90%86%E6%9C%89%E9%99%90%E5%85%AC%E5%8F%B8 (Caused by ProxyError('Cannot connect to proxy.', NewConnectionError('<urllib3.connection.VerifiedHTTPSConnection object at 0x0A603450>: Failed to establish a new connection: [WinError 10060] 由于连接方在一段时间后没有正确答复或连接的主机没有反应，连接尝试失败。',)))
2018-11-22 17:46:41,636 http_tools.py [line:202] INFO 使用代理119.180.173.71:8060
2018-11-22 17:46:41,961 http_tools.py [line:225] INFO conn--error-->请求失败url{https://www.qichacha.com/search} ('Connection aborted.', BadStatusLine('<html>\r\n',))
2018-11-22 17:46:53,983 http_tools.py [line:202] INFO 使用代理182.61.170.45:3128
2018-11-22 17:46:55,876 qcc_test.py [line:47] INFO must be str, not NoneType
2018-11-22 17:46:56,696 http_tools.py [line:216] INFO continue and 跟换 headers; code error:405{https://www.qichacha.com/search}
2018-11-22 17:47:14,950 http_tools.py [line:216] INFO continue and 跟换 headers; code error:405{https://www.qichacha.com/search}
2018-11-22 17:47:37,738 http_tools.py [line:216] INFO continue and 跟换 headers; code error:405{https://www.qichacha.com/search}
2018-11-22 17:57:33,823 http_tools.py [line:216] INFO continue and 跟换 headers; code error:503{https://m.qichacha.com/search}
2018-11-22 17:57:47,339 http_tools.py [line:216] INFO continue and 跟换 headers; code error:503{https://m.qichacha.com/search}
2018-11-22 17:58:09,168 http_tools.py [line:216] INFO continue and 跟换 headers; code error:503{https://m.qichacha.com/search}
2018-11-22 17:58:24,607 http_tools.py [line:216] INFO continue and 跟换 headers; code error:503{https://m.qichacha.com/search}
2018-11-22 17:58:44,151 http_tools.py [line:216] INFO continue and 跟换 headers; code error:503{https://m.qichacha.com/search}
2018-11-22 17:59:04,175 http_tools.py [line:202] INFO 使用代理221.6.201.18:9999
2018-11-22 17:59:06,091 qcc_test.py [line:65] INFO must be str, not NoneType
2018-11-22 17:59:07,795 http_tools.py [line:216] INFO continue and 跟换 headers; code error:503{https://m.qichacha.com/search}
2018-11-22 17:59:21,494 http_tools.py [line:216] INFO continue and 跟换 headers; code error:503{https://m.qichacha.com/search}
2018-11-22 17:59:37,499 http_tools.py [line:216] INFO continue and 跟换 headers; code error:503{https://m.qichacha.com/search}
2018-11-22 17:59:48,042 http_tools.py [line:216] INFO continue and 跟换 headers; code error:503{https://m.qichacha.com/search}
2018-11-22 18:00:12,147 http_tools.py [line:216] INFO continue and 跟换 headers; code error:503{https://m.qichacha.com/search}
2018-11-22 18:00:40,171 http_tools.py [line:202] INFO 使用代理113.200.56.13:8010
2018-11-22 18:00:41,143 qcc_test.py [line:65] INFO must be str, not NoneType
2018-11-22 18:00:42,854 http_tools.py [line:216] INFO continue and 跟换 headers; code error:503{https://m.qichacha.com/search}
2018-11-22 18:01:00,180 http_tools.py [line:216] INFO continue and 跟换 headers; code error:503{https://m.qichacha.com/search}
2018-11-22 18:24:32,349 http_tools.py [line:216] INFO continue and 跟换 headers; code error:405{https://www.qichacha.com/search}
2018-11-22 18:24:45,218 http_tools.py [line:216] INFO continue and 跟换 headers; code error:503{https://m.qichacha.com/search}
2018-11-22 18:24:52,157 http_tools.py [line:216] INFO continue and 跟换 headers; code error:405{https://www.qichacha.com/search}
2018-11-22 18:25:13,691 http_tools.py [line:216] INFO continue and 跟换 headers; code error:503{https://m.qichacha.com/search}
2018-11-22 18:25:16,737 http_tools.py [line:216] INFO continue and 跟换 headers; code error:405{https://www.qichacha.com/search}
2018-11-22 18:25:41,934 http_tools.py [line:216] INFO continue and 跟换 headers; code error:503{https://m.qichacha.com/search}
2018-11-22 18:25:45,893 http_tools.py [line:216] INFO continue and 跟换 headers; code error:405{https://www.qichacha.com/search}
2018-11-22 18:25:53,876 http_tools.py [line:216] INFO continue and 跟换 headers; code error:503{https://m.qichacha.com/search}
2018-11-22 18:25:57,363 http_tools.py [line:216] INFO continue and 跟换 headers; code error:405{https://www.qichacha.com/search}
2018-11-22 18:26:14,033 http_tools.py [line:216] INFO continue and 跟换 headers; code error:503{https://m.qichacha.com/search}
2018-11-22 18:26:20,384 http_tools.py [line:202] INFO 使用代理119.180.178.40:8060
2018-11-22 18:26:20,465 http_tools.py [line:225] INFO conn--error-->请求失败url{https://www.qichacha.com/search} ('Connection aborted.', BadStatusLine('<html>\r\n',))
2018-11-22 18:26:32,482 http_tools.py [line:202] INFO 使用代理113.200.56.13:8010
2018-11-22 18:26:34,683 qcc_test.py [line:28] INFO 页面错误
2018-11-22 18:26:39,254 http_tools.py [line:216] INFO continue and 跟换 headers; code error:405{https://www.qichacha.com/search}
2018-11-22 22:02:28,279 http_tools.py [line:216] INFO continue and 跟换 headers; code error:405{https://m.qichacha.com/search}
2018-11-22 22:02:40,757 http_tools.py [line:216] INFO continue and 跟换 headers; code error:405{https://m.qichacha.com/search}
2018-11-22 22:03:01,284 http_tools.py [line:216] INFO continue and 跟换 headers; code error:405{https://m.qichacha.com/search}
2018-11-22 22:03:29,718 http_tools.py [line:216] INFO continue and 跟换 headers; code error:405{https://m.qichacha.com/search}
2018-11-22 22:03:56,273 http_tools.py [line:216] INFO continue and 跟换 headers; code error:405{https://m.qichacha.com/search}
2018-11-22 22:11:11,239 qcc_test.py [line:28] INFO 页面错误
2018-11-22 22:11:16,233 qcc_test.py [line:28] INFO 页面错误
2018-11-22 22:11:22,106 qcc_test.py [line:28] INFO 页面错误
2018-11-22 22:11:28,471 qcc_test.py [line:28] INFO 页面错误
2018-11-22 22:11:33,098 qcc_test.py [line:28] INFO 页面错误
2018-11-22 22:11:38,327 qcc_test.py [line:28] INFO 页面错误
2018-11-22 22:11:44,406 qcc_test.py [line:28] INFO 页面错误
2018-11-22 22:11:49,301 qcc_test.py [line:28] INFO 页面错误
2018-11-22 22:11:55,297 qcc_test.py [line:28] INFO 页面错误
2018-11-22 22:12:00,284 qcc_test.py [line:28] INFO 页面错误
2018-11-22 22:12:04,122 qcc_test.py [line:28] INFO 页面错误
2018-11-22 22:12:09,571 qcc_test.py [line:28] INFO 页面错误
2018-11-22 22:12:14,387 qcc_test.py [line:28] INFO 页面错误
2018-11-22 22:12:19,912 qcc_test.py [line:28] INFO 页面错误
2018-11-22 22:12:24,904 qcc_test.py [line:28] INFO 页面错误
2018-11-22 22:13:10,575 qcc_test.py [line:28] INFO 页面错误
2018-11-22 22:13:15,719 qcc_test.py [line:28] INFO 页面错误
2018-11-22 22:13:19,855 qcc_test.py [line:28] INFO 页面错误
2018-11-22 22:13:24,620 qcc_test.py [line:28] INFO 页面错误
2018-11-22 22:13:28,299 qcc_test.py [line:28] INFO 页面错误
2018-11-22 22:13:33,521 qcc_test.py [line:28] INFO 页面错误
2018-11-22 22:13:38,130 qcc_test.py [line:28] INFO 页面错误
2018-11-22 22:13:43,437 qcc_test.py [line:28] INFO 页面错误
2018-11-22 22:13:48,685 qcc_test.py [line:28] INFO 页面错误
2018-11-22 22:13:53,383 qcc_test.py [line:28] INFO 页面错误
2018-11-22 22:13:58,888 qcc_test.py [line:28] INFO 页面错误
2018-11-22 22:14:03,745 qcc_test.py [line:28] INFO 页面错误
2018-11-22 22:14:09,956 qcc_test.py [line:28] INFO 页面错误
2018-11-22 22:14:15,049 qcc_test.py [line:28] INFO 页面错误
2018-11-22 22:14:19,239 qcc_test.py [line:28] INFO 页面错误
2018-11-22 22:14:23,695 qcc_test.py [line:28] INFO 页面错误
2018-11-22 22:14:29,274 qcc_test.py [line:28] INFO 页面错误
2018-11-22 22:14:33,005 qcc_test.py [line:28] INFO 页面错误
2018-11-22 22:14:37,187 qcc_test.py [line:28] INFO 页面错误
2018-11-22 22:14:42,350 qcc_test.py [line:28] INFO 页面错误
2018-11-22 22:14:46,669 qcc_test.py [line:28] INFO 页面错误
2018-11-22 22:14:50,817 qcc_test.py [line:28] INFO 页面错误
2018-11-22 22:14:56,094 qcc_test.py [line:28] INFO 页面错误
2018-11-22 22:15:00,724 qcc_test.py [line:28] INFO 页面错误
2018-11-22 22:15:05,946 qcc_test.py [line:28] INFO 页面错误
2018-11-22 22:15:10,379 qcc_test.py [line:28] INFO 页面错误
2018-11-22 22:15:15,353 qcc_test.py [line:28] INFO 页面错误
2018-11-22 22:15:20,678 qcc_test.py [line:28] INFO 页面错误
2018-11-22 22:15:26,723 qcc_test.py [line:28] INFO 页面错误
2018-11-22 22:15:31,154 qcc_test.py [line:28] INFO 页面错误
2018-11-22 22:15:36,641 qcc_test.py [line:28] INFO 页面错误
2018-11-22 22:15:41,354 qcc_test.py [line:28] INFO 页面错误
2018-11-22 22:15:46,228 qcc_test.py [line:28] INFO 页面错误
2018-11-22 22:15:51,772 qcc_test.py [line:28] INFO 页面错误
2018-11-22 22:15:55,562 qcc_test.py [line:28] INFO 页面错误
2018-11-22 22:16:00,626 qcc_test.py [line:28] INFO 页面错误
2018-11-22 22:16:05,274 qcc_test.py [line:28] INFO 页面错误
2018-11-22 22:16:09,828 qcc_test.py [line:28] INFO 页面错误
2018-11-22 22:16:15,163 qcc_test.py [line:28] INFO 页面错误
2018-11-22 22:16:21,291 qcc_test.py [line:28] INFO 页面错误
2018-11-22 22:17:08,932 qcc_test.py [line:28] INFO 页面错误
2018-11-22 22:17:13,988 qcc_test.py [line:28] INFO 页面错误
2018-11-22 22:17:19,554 qcc_test.py [line:28] INFO 页面错误
2018-11-22 22:17:25,517 qcc_test.py [line:28] INFO 页面错误
2018-11-22 22:17:31,640 qcc_test.py [line:28] INFO 页面错误
2018-11-22 22:17:36,829 qcc_test.py [line:28] INFO 页面错误
2018-11-22 22:17:42,196 qcc_test.py [line:28] INFO 页面错误
2018-11-22 22:17:46,841 qcc_test.py [line:28] INFO 页面错误
2018-11-22 22:17:51,169 qcc_test.py [line:28] INFO 页面错误
2018-11-22 22:17:57,349 qcc_test.py [line:28] INFO 页面错误
2018-11-22 22:18:01,981 qcc_test.py [line:28] INFO 页面错误
2018-11-22 22:18:06,381 qcc_test.py [line:28] INFO 页面错误
2018-11-22 22:18:11,937 qcc_test.py [line:28] INFO 页面错误
2018-11-22 22:18:17,307 qcc_test.py [line:28] INFO 页面错误
2018-11-22 22:18:22,355 qcc_test.py [line:28] INFO 页面错误
2018-11-22 22:18:27,475 qcc_test.py [line:28] INFO 页面错误
2018-11-22 22:18:30,975 qcc_test.py [line:28] INFO 页面错误
2018-11-22 22:18:35,373 qcc_test.py [line:28] INFO 页面错误
2018-11-22 22:18:40,454 qcc_test.py [line:28] INFO 页面错误
2018-11-22 22:18:45,037 qcc_test.py [line:28] INFO 页面错误
2018-11-22 22:18:49,258 qcc_test.py [line:28] INFO 页面错误
2018-11-22 22:18:54,048 qcc_test.py [line:28] INFO 页面错误
2018-11-22 22:18:59,413 qcc_test.py [line:28] INFO 页面错误
2018-11-22 22:19:04,621 qcc_test.py [line:28] INFO 页面错误
2018-11-22 22:19:09,861 qcc_test.py [line:28] INFO 页面错误
2018-11-22 22:19:15,252 qcc_test.py [line:28] INFO 页面错误
2018-11-22 22:19:19,743 qcc_test.py [line:28] INFO 页面错误
2018-11-22 22:19:23,668 qcc_test.py [line:28] INFO 页面错误
2018-11-22 22:19:27,894 qcc_test.py [line:28] INFO 页面错误
2018-11-22 22:19:33,074 qcc_test.py [line:28] INFO 页面错误
2018-11-22 22:19:37,456 qcc_test.py [line:28] INFO 页面错误
2018-11-22 22:19:42,600 qcc_test.py [line:28] INFO 页面错误
2018-11-22 22:19:47,027 qcc_test.py [line:28] INFO 页面错误
2018-11-22 22:19:53,107 qcc_test.py [line:28] INFO 页面错误
2018-11-22 22:19:58,633 qcc_test.py [line:28] INFO 页面错误
2018-11-22 22:20:03,023 qcc_test.py [line:28] INFO 页面错误
2018-11-22 22:20:07,428 qcc_test.py [line:28] INFO 页面错误
2018-11-22 22:20:12,047 qcc_test.py [line:28] INFO 页面错误
2018-11-22 22:20:17,235 qcc_test.py [line:28] INFO 页面错误
2018-11-22 22:20:20,886 qcc_test.py [line:28] INFO 页面错误
2018-11-22 22:20:27,115 qcc_test.py [line:28] INFO 页面错误
2018-11-22 22:20:32,538 qcc_test.py [line:28] INFO 页面错误
2018-11-22 22:20:36,178 qcc_test.py [line:28] INFO 页面错误
2018-11-22 22:20:42,173 qcc_test.py [line:28] INFO 页面错误
2018-11-22 22:20:47,570 qcc_test.py [line:28] INFO 页面错误
2018-11-22 22:20:52,501 qcc_test.py [line:28] INFO 页面错误
2018-11-22 22:20:57,825 qcc_test.py [line:28] INFO 页面错误
2018-11-22 22:21:02,538 qcc_test.py [line:28] INFO 页面错误
2018-11-22 22:21:07,851 qcc_test.py [line:28] INFO 页面错误
2018-11-22 22:21:31,870 http_tools.py [line:225] INFO conn--error-->请求失败url{https://m.qichacha.com} HTTPSConnectionPool(host='m.qichacha.com', port=443): Max retries exceeded with url: / (Caused by NewConnectionError('<urllib3.connection.VerifiedHTTPSConnection object at 0x000002810E698A58>: Failed to establish a new connection: [WinError 10060] 由于连接方在一段时间后没有正确答复或连接的主机没有反应，连接尝试失败。',))
2018-11-22 22:21:44,058 qcc_test.py [line:28] INFO 页面错误
2018-11-22 22:21:48,008 qcc_test.py [line:28] INFO 页面错误
2018-11-22 22:21:51,933 qcc_test.py [line:28] INFO 页面错误
2018-11-22 22:21:57,111 qcc_test.py [line:28] INFO 页面错误
2018-11-22 22:22:02,628 qcc_test.py [line:28] INFO 页面错误
2018-11-22 22:22:07,424 qcc_test.py [line:28] INFO 页面错误
2018-11-22 22:22:11,313 qcc_test.py [line:28] INFO 页面错误
2018-11-22 22:22:16,949 qcc_test.py [line:28] INFO 页面错误
2018-11-22 22:22:22,275 qcc_test.py [line:28] INFO 页面错误
2018-11-22 22:22:27,120 qcc_test.py [line:28] INFO 页面错误
2018-11-22 22:22:31,559 qcc_test.py [line:28] INFO 页面错误
2018-11-22 22:22:36,860 qcc_test.py [line:28] INFO 页面错误
2018-11-22 22:22:41,633 http_tools.py [line:216] INFO continue and 跟换 headers; code error:503{https://m.qichacha.com}
2018-11-22 22:23:11,526 qcc_test.py [line:28] INFO 页面错误
2018-11-22 22:23:16,486 qcc_test.py [line:28] INFO 页面错误
2018-11-22 22:23:21,396 qcc_test.py [line:28] INFO 页面错误
2018-11-22 22:23:27,353 qcc_test.py [line:28] INFO 页面错误
2018-11-22 22:23:30,866 qcc_test.py [line:28] INFO 页面错误
2018-11-22 22:23:36,354 qcc_test.py [line:28] INFO 页面错误
2018-11-22 22:23:40,940 qcc_test.py [line:28] INFO 页面错误
2018-11-22 22:23:46,553 qcc_test.py [line:28] INFO 页面错误
2018-11-22 22:23:51,595 qcc_test.py [line:28] INFO 页面错误
2018-11-22 22:23:56,597 qcc_test.py [line:28] INFO 页面错误
2018-11-22 22:24:02,048 qcc_test.py [line:28] INFO 页面错误
2018-11-22 22:24:06,120 qcc_test.py [line:28] INFO 页面错误
2018-11-22 22:24:11,137 qcc_test.py [line:28] INFO 页面错误
2018-11-22 22:24:15,967 qcc_test.py [line:28] INFO 页面错误
2018-11-22 22:24:20,779 qcc_test.py [line:28] INFO 页面错误
2018-11-22 22:24:25,342 qcc_test.py [line:28] INFO 页面错误
2018-11-22 22:24:30,058 qcc_test.py [line:28] INFO 页面错误
2018-11-22 22:24:34,532 qcc_test.py [line:28] INFO 页面错误
2018-11-22 22:24:39,728 qcc_test.py [line:28] INFO 页面错误
2018-11-22 22:24:45,069 qcc_test.py [line:28] INFO 页面错误
2018-11-22 22:24:49,297 qcc_test.py [line:28] INFO 页面错误
2018-11-22 22:24:54,211 qcc_test.py [line:28] INFO 页面错误
2018-11-22 22:24:59,564 qcc_test.py [line:28] INFO 页面错误
2018-11-22 22:25:05,162 qcc_test.py [line:28] INFO 页面错误
2018-11-22 22:25:09,172 qcc_test.py [line:28] INFO 页面错误
2018-11-22 22:25:13,212 qcc_test.py [line:28] INFO 页面错误
2018-11-22 22:25:18,023 qcc_test.py [line:28] INFO 页面错误
2018-11-22 22:25:23,097 qcc_test.py [line:28] INFO 页面错误
2018-11-22 22:25:27,462 qcc_test.py [line:28] INFO 页面错误
2018-11-22 22:25:32,087 qcc_test.py [line:28] INFO 页面错误
2018-11-22 22:25:36,811 qcc_test.py [line:28] INFO 页面错误
2018-11-22 22:25:41,885 qcc_test.py [line:28] INFO 页面错误
2018-11-22 22:25:47,788 qcc_test.py [line:28] INFO 页面错误
2018-11-22 22:25:53,417 qcc_test.py [line:28] INFO 页面错误
2018-11-22 22:25:58,055 qcc_test.py [line:28] INFO 页面错误
2018-11-22 22:26:04,186 qcc_test.py [line:28] INFO 页面错误
2018-11-22 22:26:08,380 qcc_test.py [line:28] INFO 页面错误
2018-11-22 22:26:12,818 qcc_test.py [line:28] INFO 页面错误
2018-11-22 22:26:18,104 qcc_test.py [line:28] INFO 页面错误
2018-11-22 22:26:23,625 qcc_test.py [line:28] INFO 页面错误
2018-11-22 22:26:27,660 qcc_test.py [line:28] INFO 页面错误
2018-11-22 22:26:32,777 qcc_test.py [line:28] INFO 页面错误
2018-11-22 22:26:40,215 qcc_test.py [line:28] INFO 页面错误
2018-11-22 22:26:45,345 qcc_test.py [line:28] INFO 页面错误
2018-11-22 22:26:50,111 qcc_test.py [line:28] INFO 页面错误
2018-11-22 22:26:54,643 qcc_test.py [line:28] INFO 页面错误
2018-11-22 22:26:59,699 qcc_test.py [line:28] INFO 页面错误
2018-11-22 22:27:04,384 qcc_test.py [line:28] INFO 页面错误
2018-11-22 22:27:08,754 qcc_test.py [line:28] INFO 页面错误
2018-11-22 22:27:13,525 qcc_test.py [line:28] INFO 页面错误
2018-11-22 22:27:18,845 qcc_test.py [line:28] INFO 页面错误
2018-11-22 22:27:23,674 qcc_test.py [line:28] INFO 页面错误
2018-11-22 22:27:28,215 qcc_test.py [line:28] INFO 页面错误
2018-11-22 22:27:31,984 qcc_test.py [line:28] INFO 页面错误
2018-11-22 22:27:36,594 qcc_test.py [line:28] INFO 页面错误
2018-11-22 22:27:42,518 qcc_test.py [line:28] INFO 页面错误
2018-11-22 22:27:46,716 qcc_test.py [line:28] INFO 页面错误
2018-11-22 22:27:51,844 qcc_test.py [line:28] INFO 页面错误
2018-11-22 22:27:56,365 qcc_test.py [line:28] INFO 页面错误
2018-11-22 22:28:00,569 qcc_test.py [line:28] INFO 页面错误
2018-11-22 22:28:05,483 qcc_test.py [line:28] INFO 页面错误
2018-11-22 22:28:10,693 qcc_test.py [line:28] INFO 页面错误
2018-11-22 22:28:15,712 qcc_test.py [line:28] INFO 页面错误
2018-11-22 22:28:19,971 qcc_test.py [line:28] INFO 页面错误
2018-11-22 22:28:26,201 qcc_test.py [line:28] INFO 页面错误
2018-11-22 22:28:30,625 qcc_test.py [line:28] INFO 页面错误
2018-11-22 22:28:36,684 qcc_test.py [line:28] INFO 页面错误
2018-11-22 22:28:42,923 qcc_test.py [line:28] INFO 页面错误
2018-11-22 22:28:47,700 qcc_test.py [line:28] INFO 页面错误
2018-11-22 22:28:52,685 qcc_test.py [line:28] INFO 页面错误
2018-11-22 22:28:58,566 qcc_test.py [line:28] INFO 页面错误
2018-11-22 22:29:03,193 qcc_test.py [line:28] INFO 页面错误
2018-11-22 22:29:08,018 qcc_test.py [line:28] INFO 页面错误
2018-11-22 22:29:13,002 qcc_test.py [line:28] INFO 页面错误
2018-11-22 22:29:17,902 qcc_test.py [line:28] INFO 页面错误
2018-11-22 22:29:22,758 qcc_test.py [line:28] INFO 页面错误
2018-11-22 22:29:28,072 qcc_test.py [line:28] INFO 页面错误
2018-11-22 22:29:32,583 qcc_test.py [line:28] INFO 页面错误
2018-11-22 22:29:38,526 qcc_test.py [line:28] INFO 页面错误
2018-11-22 22:29:43,162 qcc_test.py [line:28] INFO 页面错误
2018-11-22 22:29:48,292 qcc_test.py [line:28] INFO 页面错误
2018-11-22 22:29:52,434 qcc_test.py [line:28] INFO 页面错误
2018-11-22 22:29:57,490 qcc_test.py [line:28] INFO 页面错误
2018-11-22 22:30:03,956 qcc_test.py [line:28] INFO 页面错误
2018-11-22 22:30:08,360 qcc_test.py [line:28] INFO 页面错误
2018-11-22 22:30:13,233 qcc_test.py [line:28] INFO 页面错误
2018-11-22 22:30:18,130 qcc_test.py [line:28] INFO 页面错误
2018-11-22 22:30:23,395 qcc_test.py [line:28] INFO 页面错误
2018-11-22 22:30:28,520 qcc_test.py [line:28] INFO 页面错误
2018-11-22 22:30:32,977 qcc_test.py [line:28] INFO 页面错误
2018-11-22 22:30:37,635 qcc_test.py [line:28] INFO 页面错误
2018-11-22 22:30:42,238 qcc_test.py [line:28] INFO 页面错误
2018-11-22 22:30:47,700 qcc_test.py [line:28] INFO 页面错误
2018-11-22 22:30:54,185 qcc_test.py [line:28] INFO 页面错误
2018-11-22 22:30:58,869 qcc_test.py [line:28] INFO 页面错误
2018-11-22 22:31:03,314 qcc_test.py [line:28] INFO 页面错误
2018-11-22 22:31:08,803 qcc_test.py [line:28] INFO 页面错误
2018-11-22 22:31:12,512 qcc_test.py [line:28] INFO 页面错误
2018-11-22 22:31:17,057 qcc_test.py [line:28] INFO 页面错误
2018-11-22 22:31:22,288 qcc_test.py [line:28] INFO 页面错误
2018-11-22 22:31:26,978 qcc_test.py [line:28] INFO 页面错误
2018-11-22 22:31:32,258 qcc_test.py [line:28] INFO 页面错误
2018-11-22 22:31:36,995 qcc_test.py [line:28] INFO 页面错误
2018-11-22 22:31:42,450 qcc_test.py [line:28] INFO 页面错误
2018-11-22 22:31:48,194 qcc_test.py [line:28] INFO 页面错误
2018-11-22 22:31:53,519 qcc_test.py [line:28] INFO 页面错误
2018-11-22 22:31:57,719 qcc_test.py [line:28] INFO 页面错误
2018-11-22 22:32:02,335 qcc_test.py [line:28] INFO 页面错误
2018-11-22 22:32:07,466 qcc_test.py [line:28] INFO 页面错误
2018-11-22 22:32:12,089 qcc_test.py [line:28] INFO 页面错误
2018-11-22 22:32:17,378 qcc_test.py [line:28] INFO 页面错误
2018-11-22 22:32:22,520 qcc_test.py [line:28] INFO 页面错误
2018-11-22 22:32:27,027 qcc_test.py [line:28] INFO 页面错误
2018-11-22 22:32:31,348 qcc_test.py [line:28] INFO 页面错误
2018-11-22 22:32:36,671 qcc_test.py [line:28] INFO 页面错误
2018-11-22 22:32:41,841 qcc_test.py [line:28] INFO 页面错误
2018-11-22 22:32:45,829 qcc_test.py [line:28] INFO 页面错误
2018-11-22 22:32:51,252 qcc_test.py [line:28] INFO 页面错误
2018-11-22 22:32:55,564 qcc_test.py [line:28] INFO 页面错误
2018-11-22 22:32:59,273 qcc_test.py [line:28] INFO 页面错误
2018-11-22 22:33:04,309 qcc_test.py [line:28] INFO 页面错误
2018-11-22 22:33:09,315 qcc_test.py [line:28] INFO 页面错误
2018-11-22 22:33:14,067 qcc_test.py [line:28] INFO 页面错误
2018-11-22 22:33:18,784 qcc_test.py [line:28] INFO 页面错误
2018-11-22 22:33:23,200 qcc_test.py [line:28] INFO 页面错误
2018-11-22 22:33:28,442 qcc_test.py [line:28] INFO 页面错误
2018-11-22 22:33:33,911 qcc_test.py [line:28] INFO 页面错误
2018-11-22 22:33:38,752 qcc_test.py [line:28] INFO 页面错误
2018-11-22 22:33:43,693 qcc_test.py [line:28] INFO 页面错误
2018-11-22 22:33:48,937 qcc_test.py [line:28] INFO 页面错误
2018-11-22 22:33:54,872 qcc_test.py [line:28] INFO 页面错误
2018-11-22 22:33:59,802 qcc_test.py [line:28] INFO 页面错误
2018-11-22 22:34:04,650 qcc_test.py [line:28] INFO 页面错误
2018-11-22 22:34:09,734 qcc_test.py [line:28] INFO 页面错误
2018-11-22 22:34:15,989 qcc_test.py [line:28] INFO 页面错误
2018-11-22 22:34:20,520 qcc_test.py [line:28] INFO 页面错误
2018-11-22 22:34:25,888 qcc_test.py [line:28] INFO 页面错误
2018-11-22 22:34:30,740 qcc_test.py [line:28] INFO 页面错误
2018-11-22 22:34:35,062 qcc_test.py [line:28] INFO 页面错误
2018-11-22 22:34:39,476 qcc_test.py [line:28] INFO 页面错误
2018-11-22 22:34:45,643 qcc_test.py [line:28] INFO 页面错误
2018-11-22 22:34:50,785 qcc_test.py [line:28] INFO 页面错误
2018-11-22 22:34:55,480 qcc_test.py [line:28] INFO 页面错误
2018-11-22 22:34:59,843 qcc_test.py [line:28] INFO 页面错误
2018-11-22 22:35:04,768 qcc_test.py [line:28] INFO 页面错误
2018-11-22 22:35:09,875 qcc_test.py [line:28] INFO 页面错误
2018-11-22 22:35:14,008 qcc_test.py [line:28] INFO 页面错误
2018-11-22 22:35:18,947 qcc_test.py [line:28] INFO 页面错误
2018-11-22 22:35:23,867 qcc_test.py [line:28] INFO 页面错误
2018-11-22 22:35:28,900 qcc_test.py [line:28] INFO 页面错误
2018-11-22 22:35:34,126 qcc_test.py [line:28] INFO 页面错误
2018-11-22 22:35:39,010 qcc_test.py [line:28] INFO 页面错误
2018-11-22 22:35:43,318 qcc_test.py [line:28] INFO 页面错误
2018-11-22 22:35:47,818 qcc_test.py [line:28] INFO 页面错误
2018-11-22 22:35:53,152 qcc_test.py [line:28] INFO 页面错误
2018-11-22 22:35:59,085 qcc_test.py [line:28] INFO 页面错误
2018-11-22 22:36:04,193 qcc_test.py [line:28] INFO 页面错误
2018-11-22 22:36:08,999 qcc_test.py [line:28] INFO 页面错误
2018-11-22 22:36:13,475 qcc_test.py [line:28] INFO 页面错误
2018-11-22 22:36:19,734 qcc_test.py [line:28] INFO 页面错误
2018-11-22 22:36:24,114 qcc_test.py [line:28] INFO 页面错误
2018-11-22 22:36:29,175 qcc_test.py [line:28] INFO 页面错误
2018-11-22 22:36:33,580 qcc_test.py [line:28] INFO 页面错误
2018-11-22 22:36:38,748 qcc_test.py [line:28] INFO 页面错误
2018-11-22 22:36:44,329 qcc_test.py [line:28] INFO 页面错误
2018-11-22 22:36:48,659 qcc_test.py [line:28] INFO 页面错误
2018-11-22 22:36:52,551 qcc_test.py [line:28] INFO 页面错误
2018-11-22 22:36:57,175 qcc_test.py [line:28] INFO 页面错误
2018-11-22 22:37:02,058 qcc_test.py [line:28] INFO 页面错误
2018-11-22 22:37:07,133 qcc_test.py [line:28] INFO 页面错误
2018-11-22 22:37:12,540 qcc_test.py [line:28] INFO 页面错误
2018-11-22 22:37:18,016 qcc_test.py [line:28] INFO 页面错误
2018-11-22 22:37:23,021 qcc_test.py [line:28] INFO 页面错误
2018-11-22 22:37:28,217 qcc_test.py [line:28] INFO 页面错误
2018-11-22 22:37:34,239 qcc_test.py [line:28] INFO 页面错误
2018-11-22 22:37:38,730 qcc_test.py [line:28] INFO 页面错误
2018-11-22 22:37:43,753 qcc_test.py [line:28] INFO 页面错误
2018-11-22 22:37:48,840 qcc_test.py [line:28] INFO 页面错误
2018-11-22 22:37:53,159 qcc_test.py [line:28] INFO 页面错误
2018-11-22 22:37:59,272 qcc_test.py [line:28] INFO 页面错误
2018-11-22 22:38:04,047 qcc_test.py [line:28] INFO 页面错误
2018-11-22 22:38:08,722 qcc_test.py [line:28] INFO 页面错误
2018-11-22 22:38:13,736 qcc_test.py [line:28] INFO 页面错误
2018-11-22 22:38:19,007 qcc_test.py [line:28] INFO 页面错误
2018-11-22 22:38:24,525 qcc_test.py [line:28] INFO 页面错误
2018-11-22 22:38:29,103 qcc_test.py [line:28] INFO 页面错误
2018-11-22 22:38:33,390 qcc_test.py [line:28] INFO 页面错误
2018-11-22 22:38:38,256 qcc_test.py [line:28] INFO 页面错误
2018-11-22 22:38:43,333 qcc_test.py [line:28] INFO 页面错误
2018-11-22 22:38:48,824 qcc_test.py [line:28] INFO 页面错误
2018-11-22 22:38:53,514 qcc_test.py [line:28] INFO 页面错误
2018-11-22 22:38:59,095 qcc_test.py [line:28] INFO 页面错误
2018-11-22 22:39:04,228 qcc_test.py [line:28] INFO 页面错误
2018-11-22 22:39:09,132 qcc_test.py [line:28] INFO 页面错误
2018-11-22 22:39:13,646 qcc_test.py [line:28] INFO 页面错误
2018-11-22 22:39:18,330 qcc_test.py [line:28] INFO 页面错误
2018-11-22 22:39:24,573 qcc_test.py [line:28] INFO 页面错误
2018-11-22 22:39:30,225 qcc_test.py [line:28] INFO 页面错误
2018-11-22 22:39:34,580 qcc_test.py [line:28] INFO 页面错误
2018-11-22 22:39:39,973 qcc_test.py [line:28] INFO 页面错误
2018-11-22 22:39:44,127 qcc_test.py [line:28] INFO 页面错误
2018-11-22 22:39:50,037 qcc_test.py [line:28] INFO 页面错误
2018-11-22 22:39:54,955 qcc_test.py [line:28] INFO 页面错误
2018-11-22 22:39:59,847 qcc_test.py [line:28] INFO 页面错误
2018-11-22 22:40:05,119 qcc_test.py [line:28] INFO 页面错误
2018-11-22 22:40:10,003 qcc_test.py [line:28] INFO 页面错误
2018-11-22 22:40:16,055 qcc_test.py [line:28] INFO 页面错误
2018-11-22 22:40:21,300 qcc_test.py [line:28] INFO 页面错误
2018-11-22 22:40:26,715 qcc_test.py [line:28] INFO 页面错误
2018-11-22 22:40:32,112 qcc_test.py [line:28] INFO 页面错误
2018-11-22 22:40:37,192 qcc_test.py [line:28] INFO 页面错误
2018-11-22 22:40:41,109 qcc_test.py [line:28] INFO 页面错误
2018-11-22 22:40:46,313 qcc_test.py [line:28] INFO 页面错误
2018-11-22 22:40:52,664 qcc_test.py [line:28] INFO 页面错误
2018-11-22 22:40:57,378 qcc_test.py [line:28] INFO 页面错误
2018-11-22 22:41:02,546 qcc_test.py [line:28] INFO 页面错误
2018-11-22 22:41:07,342 qcc_test.py [line:28] INFO 页面错误
2018-11-22 22:41:11,633 qcc_test.py [line:28] INFO 页面错误
2018-11-22 22:41:15,918 qcc_test.py [line:28] INFO 页面错误
2018-11-22 22:41:20,614 qcc_test.py [line:28] INFO 页面错误
2018-11-22 22:41:24,904 qcc_test.py [line:28] INFO 页面错误
2018-11-22 22:41:29,207 qcc_test.py [line:28] INFO 页面错误
2018-11-22 22:41:34,422 qcc_test.py [line:28] INFO 页面错误
2018-11-22 22:41:39,739 qcc_test.py [line:28] INFO 页面错误
2018-11-22 22:41:44,561 qcc_test.py [line:28] INFO 页面错误
2018-11-22 22:41:49,683 qcc_test.py [line:28] INFO 页面错误
2018-11-22 22:41:54,073 qcc_test.py [line:28] INFO 页面错误
2018-11-22 22:41:59,303 qcc_test.py [line:28] INFO 页面错误
2018-11-22 22:42:05,350 qcc_test.py [line:28] INFO 页面错误
2018-11-22 22:42:10,931 qcc_test.py [line:28] INFO 页面错误
2018-11-22 22:42:15,169 qcc_test.py [line:28] INFO 页面错误
2018-11-22 22:42:19,228 qcc_test.py [line:28] INFO 页面错误
2018-11-22 22:42:24,461 qcc_test.py [line:28] INFO 页面错误
2018-11-22 22:42:30,274 qcc_test.py [line:28] INFO 页面错误
2018-11-22 22:42:35,137 qcc_test.py [line:28] INFO 页面错误
2018-11-22 22:42:40,529 qcc_test.py [line:28] INFO 页面错误
2018-11-22 22:42:45,387 qcc_test.py [line:28] INFO 页面错误
2018-11-22 22:42:50,791 qcc_test.py [line:28] INFO 页面错误
2018-11-22 22:42:55,250 qcc_test.py [line:28] INFO 页面错误
2018-11-22 22:42:59,774 qcc_test.py [line:28] INFO 页面错误
2018-11-22 22:43:05,496 qcc_test.py [line:28] INFO 页面错误
2018-11-22 22:43:10,088 qcc_test.py [line:28] INFO 页面错误
2018-11-22 22:43:15,470 qcc_test.py [line:28] INFO 页面错误
2018-11-22 22:43:20,213 qcc_test.py [line:28] INFO 页面错误
2018-11-22 22:43:26,209 qcc_test.py [line:28] INFO 页面错误
2018-11-22 22:43:31,288 qcc_test.py [line:28] INFO 页面错误
2018-11-22 22:43:36,704 qcc_test.py [line:28] INFO 页面错误
2018-11-22 22:43:41,150 qcc_test.py [line:28] INFO 页面错误
2018-11-22 22:43:46,427 qcc_test.py [line:28] INFO 页面错误
2018-11-22 22:43:50,847 qcc_test.py [line:28] INFO 页面错误
2018-11-22 22:43:56,119 qcc_test.py [line:28] INFO 页面错误
2018-11-22 22:44:00,837 qcc_test.py [line:28] INFO 页面错误
2018-11-22 22:44:04,948 qcc_test.py [line:28] INFO 页面错误
2018-11-22 22:44:09,688 qcc_test.py [line:28] INFO 页面错误
2018-11-22 22:44:14,959 qcc_test.py [line:28] INFO 页面错误
2018-11-22 22:44:19,703 qcc_test.py [line:28] INFO 页面错误
2018-11-22 22:44:24,303 qcc_test.py [line:28] INFO 页面错误
2018-11-22 22:44:28,381 qcc_test.py [line:28] INFO 页面错误
2018-11-22 22:44:33,200 qcc_test.py [line:28] INFO 页面错误
2018-11-22 22:44:37,760 qcc_test.py [line:28] INFO 页面错误
2018-11-22 22:44:42,697 qcc_test.py [line:28] INFO 页面错误
2018-11-22 22:44:47,022 qcc_test.py [line:28] INFO 页面错误
2018-11-22 22:44:52,264 qcc_test.py [line:28] INFO 页面错误
2018-11-22 22:44:58,101 qcc_test.py [line:28] INFO 页面错误
2018-11-22 22:45:03,183 qcc_test.py [line:28] INFO 页面错误
2018-11-22 22:45:08,668 qcc_test.py [line:28] INFO 页面错误
2018-11-22 22:45:13,293 qcc_test.py [line:28] INFO 页面错误
2018-11-22 22:45:17,792 qcc_test.py [line:28] INFO 页面错误
2018-11-22 22:45:22,622 qcc_test.py [line:28] INFO 页面错误
2018-11-22 22:45:27,633 qcc_test.py [line:28] INFO 页面错误
2018-11-22 22:45:32,182 qcc_test.py [line:28] INFO 页面错误
2018-11-22 22:45:37,707 qcc_test.py [line:28] INFO 页面错误
2018-11-22 22:45:42,552 qcc_test.py [line:28] INFO 页面错误
2018-11-22 22:45:46,641 qcc_test.py [line:28] INFO 页面错误
2018-11-22 22:45:52,070 qcc_test.py [line:28] INFO 页面错误
2018-11-22 22:45:57,926 qcc_test.py [line:28] INFO 页面错误
2018-11-22 22:46:03,542 qcc_test.py [line:28] INFO 页面错误
2018-11-22 22:46:08,038 qcc_test.py [line:28] INFO 页面错误
2018-11-22 22:46:12,855 qcc_test.py [line:28] INFO 页面错误
2018-11-22 22:46:17,558 qcc_test.py [line:28] INFO 页面错误
2018-11-22 22:46:22,872 qcc_test.py [line:28] INFO 页面错误
2018-11-22 22:46:28,372 qcc_test.py [line:28] INFO 页面错误
2018-11-22 22:46:33,056 qcc_test.py [line:28] INFO 页面错误
2018-11-22 22:46:39,016 qcc_test.py [line:28] INFO 页面错误
2018-11-22 22:46:43,922 qcc_test.py [line:28] INFO 页面错误
2018-11-22 22:46:48,101 qcc_test.py [line:28] INFO 页面错误
2018-11-22 22:46:53,589 qcc_test.py [line:28] INFO 页面错误
2018-11-22 22:46:59,487 qcc_test.py [line:28] INFO 页面错误
2018-11-22 22:47:04,036 qcc_test.py [line:28] INFO 页面错误
2018-11-22 22:47:10,089 qcc_test.py [line:28] INFO 页面错误
2018-11-22 22:47:13,965 qcc_test.py [line:28] INFO 页面错误
2018-11-22 22:47:19,207 qcc_test.py [line:28] INFO 页面错误
2018-11-22 22:47:23,746 qcc_test.py [line:28] INFO 页面错误
2018-11-22 22:47:28,284 http_tools.py [line:216] INFO continue and 跟换 headers; code error:503{https://m.qichacha.com}
2018-11-22 22:47:59,671 qcc_test.py [line:28] INFO 页面错误
2018-11-22 22:48:04,380 qcc_test.py [line:28] INFO 页面错误
2018-11-22 22:48:09,547 qcc_test.py [line:28] INFO 页面错误
2018-11-22 22:48:14,509 qcc_test.py [line:28] INFO 页面错误
2018-11-22 22:48:19,018 qcc_test.py [line:28] INFO 页面错误
2018-11-22 22:48:23,514 http_tools.py [line:216] INFO continue and 跟换 headers; code error:503{https://m.qichacha.com}
2018-11-22 22:48:45,285 qcc_test.py [line:28] INFO 页面错误
2018-11-22 22:48:51,044 qcc_test.py [line:28] INFO 页面错误
2018-11-22 22:48:56,287 qcc_test.py [line:28] INFO 页面错误
2018-11-22 22:49:01,033 qcc_test.py [line:28] INFO 页面错误
2018-11-22 22:49:05,833 qcc_test.py [line:28] INFO 页面错误
2018-11-22 22:49:10,959 qcc_test.py [line:28] INFO 页面错误
2018-11-22 22:49:16,198 qcc_test.py [line:28] INFO 页面错误
2018-11-22 22:49:21,093 qcc_test.py [line:28] INFO 页面错误
2018-11-22 22:49:26,491 qcc_test.py [line:28] INFO 页面错误
2018-11-22 22:49:32,238 qcc_test.py [line:28] INFO 页面错误
2018-11-22 22:49:36,090 qcc_test.py [line:28] INFO 页面错误
2018-11-22 22:49:41,043 qcc_test.py [line:28] INFO 页面错误
2018-11-22 22:49:46,120 qcc_test.py [line:28] INFO 页面错误
2018-11-22 22:49:51,035 qcc_test.py [line:28] INFO 页面错误
2018-11-22 22:49:56,466 qcc_test.py [line:28] INFO 页面错误
2018-11-22 22:50:01,788 qcc_test.py [line:28] INFO 页面错误
2018-11-22 22:50:07,402 qcc_test.py [line:28] INFO 页面错误
2018-11-22 22:50:12,837 qcc_test.py [line:28] INFO 页面错误
2018-11-22 22:50:17,489 qcc_test.py [line:28] INFO 页面错误
2018-11-22 22:50:22,610 qcc_test.py [line:28] INFO 页面错误
2018-11-22 22:50:26,956 qcc_test.py [line:28] INFO 页面错误
2018-11-22 22:50:31,773 qcc_test.py [line:28] INFO 页面错误
2018-11-22 22:50:37,047 qcc_test.py [line:28] INFO 页面错误
2018-11-22 22:50:41,555 qcc_test.py [line:28] INFO 页面错误
2018-11-22 22:50:47,660 qcc_test.py [line:28] INFO 页面错误
2018-11-22 22:50:52,921 qcc_test.py [line:28] INFO 页面错误
2018-11-22 22:50:58,463 qcc_test.py [line:28] INFO 页面错误
2018-11-22 22:51:04,471 qcc_test.py [line:28] INFO 页面错误
2018-11-22 22:51:08,192 qcc_test.py [line:28] INFO 页面错误
2018-11-22 22:51:12,293 qcc_test.py [line:28] INFO 页面错误
2018-11-22 22:51:17,328 qcc_test.py [line:28] INFO 页面错误
2018-11-22 22:51:21,671 qcc_test.py [line:28] INFO 页面错误
2018-11-22 22:51:27,557 qcc_test.py [line:28] INFO 页面错误
2018-11-22 22:51:32,888 qcc_test.py [line:28] INFO 页面错误
2018-11-22 22:51:39,046 qcc_test.py [line:28] INFO 页面错误
2018-11-22 22:51:45,031 qcc_test.py [line:28] INFO 页面错误
2018-11-22 22:51:50,502 qcc_test.py [line:28] INFO 页面错误
2018-11-22 22:51:54,902 qcc_test.py [line:28] INFO 页面错误
2018-11-22 22:51:59,862 qcc_test.py [line:28] INFO 页面错误
2018-11-22 22:52:03,905 qcc_test.py [line:28] INFO 页面错误
2018-11-22 22:52:09,088 qcc_test.py [line:28] INFO 页面错误
2018-11-22 22:52:13,586 qcc_test.py [line:28] INFO 页面错误
2018-11-22 22:52:18,495 qcc_test.py [line:28] INFO 页面错误
2018-11-22 22:52:24,454 qcc_test.py [line:28] INFO 页面错误
2018-11-22 22:52:29,550 qcc_test.py [line:28] INFO 页面错误
2018-11-22 22:52:34,781 qcc_test.py [line:28] INFO 页面错误
2018-11-22 22:52:39,980 qcc_test.py [line:28] INFO 页面错误
2018-11-22 22:52:44,855 qcc_test.py [line:28] INFO 页面错误
2018-11-22 22:52:49,282 qcc_test.py [line:28] INFO 页面错误
2018-11-22 22:52:53,716 qcc_test.py [line:28] INFO 页面错误
2018-11-22 22:52:58,678 qcc_test.py [line:28] INFO 页面错误
2018-11-22 22:53:03,451 qcc_test.py [line:28] INFO 页面错误
2018-11-22 22:53:08,673 qcc_test.py [line:28] INFO 页面错误
2018-11-22 22:53:13,809 qcc_test.py [line:28] INFO 页面错误
2018-11-22 22:53:18,730 qcc_test.py [line:28] INFO 页面错误
2018-11-22 22:53:22,772 qcc_test.py [line:28] INFO 页面错误
2018-11-22 22:53:28,202 qcc_test.py [line:28] INFO 页面错误
2018-11-22 22:53:33,602 qcc_test.py [line:28] INFO 页面错误
2018-11-22 22:53:38,884 qcc_test.py [line:28] INFO 页面错误
2018-11-22 22:53:44,615 qcc_test.py [line:28] INFO 页面错误
2018-11-22 22:53:50,712 qcc_test.py [line:28] INFO 页面错误
2018-11-22 22:53:56,626 qcc_test.py [line:28] INFO 页面错误
2018-11-22 22:54:01,849 qcc_test.py [line:28] INFO 页面错误
2018-11-22 22:54:07,268 qcc_test.py [line:28] INFO 页面错误
2018-11-22 22:54:12,174 qcc_test.py [line:28] INFO 页面错误
2018-11-22 22:54:17,973 qcc_test.py [line:28] INFO 页面错误
2018-11-22 22:54:22,409 qcc_test.py [line:28] INFO 页面错误
2018-11-22 22:54:26,696 qcc_test.py [line:28] INFO 页面错误
2018-11-22 22:54:32,069 qcc_test.py [line:28] INFO 页面错误
2018-11-22 22:54:37,188 qcc_test.py [line:28] INFO 页面错误
2018-11-22 22:54:41,908 qcc_test.py [line:28] INFO 页面错误
2018-11-22 22:54:47,432 qcc_test.py [line:28] INFO 页面错误
2018-11-22 22:54:52,405 qcc_test.py [line:28] INFO 页面错误
2018-11-22 22:54:56,754 qcc_test.py [line:28] INFO 页面错误
2018-11-22 22:55:02,767 qcc_test.py [line:28] INFO 页面错误
2018-11-22 22:55:07,967 qcc_test.py [line:28] INFO 页面错误
2018-11-22 22:55:13,494 qcc_test.py [line:28] INFO 页面错误
2018-11-22 22:55:18,987 qcc_test.py [line:28] INFO 页面错误
2018-11-22 22:55:23,099 qcc_test.py [line:28] INFO 页面错误
2018-11-22 22:55:28,084 qcc_test.py [line:28] INFO 页面错误
2018-11-22 22:55:33,529 qcc_test.py [line:28] INFO 页面错误
2018-11-22 22:55:38,697 qcc_test.py [line:28] INFO 页面错误
2018-11-22 22:55:43,718 qcc_test.py [line:28] INFO 页面错误
2018-11-22 22:55:49,176 qcc_test.py [line:28] INFO 页面错误
2018-11-22 22:55:53,693 qcc_test.py [line:28] INFO 页面错误
2018-11-22 22:55:58,214 qcc_test.py [line:28] INFO 页面错误
2018-11-22 22:56:04,258 qcc_test.py [line:28] INFO 页面错误
2018-11-22 22:56:09,255 qcc_test.py [line:28] INFO 页面错误
2018-11-22 22:56:14,016 qcc_test.py [line:28] INFO 页面错误
2018-11-22 22:56:18,287 qcc_test.py [line:28] INFO 页面错误
2018-11-22 22:56:23,743 qcc_test.py [line:28] INFO 页面错误
2018-11-22 22:56:28,558 qcc_test.py [line:28] INFO 页面错误
2018-11-22 22:56:34,331 qcc_test.py [line:28] INFO 页面错误
2018-11-22 22:56:39,523 qcc_test.py [line:28] INFO 页面错误
2018-11-22 22:56:48,458 qcc_test.py [line:28] INFO 页面错误
2018-11-22 22:56:53,182 qcc_test.py [line:28] INFO 页面错误
2018-11-22 22:56:59,501 qcc_test.py [line:28] INFO 页面错误
2018-11-22 22:57:05,206 qcc_test.py [line:28] INFO 页面错误
2018-11-22 22:57:10,103 qcc_test.py [line:28] INFO 页面错误
2018-11-22 22:57:14,421 qcc_test.py [line:28] INFO 页面错误
2018-11-22 22:57:19,812 qcc_test.py [line:28] INFO 页面错误
2018-11-22 22:57:24,583 qcc_test.py [line:28] INFO 页面错误
2018-11-22 22:57:29,284 qcc_test.py [line:28] INFO 页面错误
2018-11-22 22:57:34,250 qcc_test.py [line:28] INFO 页面错误
2018-11-22 22:57:38,668 qcc_test.py [line:28] INFO 页面错误
2018-11-22 22:57:44,178 qcc_test.py [line:28] INFO 页面错误
2018-11-22 22:57:49,327 qcc_test.py [line:28] INFO 页面错误
2018-11-22 22:57:54,012 qcc_test.py [line:28] INFO 页面错误
2018-11-22 22:57:59,708 qcc_test.py [line:28] INFO 页面错误
2018-11-22 22:58:04,973 qcc_test.py [line:28] INFO 页面错误
2018-11-22 22:58:09,720 qcc_test.py [line:28] INFO 页面错误
2018-11-22 22:58:14,763 qcc_test.py [line:28] INFO 页面错误
2018-11-22 22:58:20,566 qcc_test.py [line:28] INFO 页面错误
2018-11-22 22:58:26,465 qcc_test.py [line:28] INFO 页面错误
2018-11-22 22:58:31,554 qcc_test.py [line:28] INFO 页面错误
2018-11-22 22:58:37,282 qcc_test.py [line:28] INFO 页面错误
2018-11-22 22:58:41,253 qcc_test.py [line:28] INFO 页面错误
2018-11-22 22:58:47,295 qcc_test.py [line:28] INFO 页面错误
2018-11-22 22:58:52,054 qcc_test.py [line:28] INFO 页面错误
2018-11-22 22:58:57,959 qcc_test.py [line:28] INFO 页面错误
2018-11-22 22:59:02,877 qcc_test.py [line:28] INFO 页面错误
2018-11-22 22:59:08,184 qcc_test.py [line:28] INFO 页面错误
2018-11-22 22:59:13,118 qcc_test.py [line:28] INFO 页面错误
2018-11-22 22:59:18,345 qcc_test.py [line:28] INFO 页面错误
2018-11-22 22:59:22,885 qcc_test.py [line:28] INFO 页面错误
2018-11-22 22:59:28,090 qcc_test.py [line:28] INFO 页面错误
2018-11-22 22:59:32,349 qcc_test.py [line:28] INFO 页面错误
2018-11-22 22:59:37,909 qcc_test.py [line:28] INFO 页面错误
2018-11-22 22:59:42,614 qcc_test.py [line:28] INFO 页面错误
2018-11-22 22:59:46,623 qcc_test.py [line:28] INFO 页面错误
2018-11-22 22:59:52,927 qcc_test.py [line:28] INFO 页面错误
2018-11-22 22:59:57,946 qcc_test.py [line:28] INFO 页面错误
2018-11-22 23:00:03,825 qcc_test.py [line:28] INFO 页面错误
2018-11-22 23:00:08,993 qcc_test.py [line:28] INFO 页面错误
2018-11-22 23:00:14,217 qcc_test.py [line:28] INFO 页面错误
2018-11-22 23:00:18,613 qcc_test.py [line:28] INFO 页面错误
2018-11-22 23:00:23,420 qcc_test.py [line:28] INFO 页面错误
2018-11-22 23:00:28,629 qcc_test.py [line:28] INFO 页面错误
2018-11-22 23:00:34,512 qcc_test.py [line:28] INFO 页面错误
2018-11-22 23:00:39,206 qcc_test.py [line:28] INFO 页面错误
2018-11-22 23:00:43,795 qcc_test.py [line:28] INFO 页面错误
2018-11-22 23:00:49,068 qcc_test.py [line:28] INFO 页面错误
2018-11-22 23:00:54,239 qcc_test.py [line:28] INFO 页面错误
2018-11-22 23:00:58,995 qcc_test.py [line:28] INFO 页面错误
2018-11-22 23:01:03,120 qcc_test.py [line:28] INFO 页面错误
2018-11-22 23:01:08,551 qcc_test.py [line:28] INFO 页面错误
2018-11-22 23:01:13,962 qcc_test.py [line:28] INFO 页面错误
2018-11-22 23:01:19,113 qcc_test.py [line:28] INFO 页面错误
2018-11-22 23:01:23,661 qcc_test.py [line:28] INFO 页面错误
2018-11-22 23:01:29,246 qcc_test.py [line:28] INFO 页面错误
2018-11-22 23:01:33,763 qcc_test.py [line:28] INFO 页面错误
2018-11-22 23:01:38,978 qcc_test.py [line:28] INFO 页面错误
2018-11-22 23:01:44,875 qcc_test.py [line:28] INFO 页面错误
2018-11-22 23:01:50,121 qcc_test.py [line:28] INFO 页面错误
2018-11-22 23:01:55,873 qcc_test.py [line:28] INFO 页面错误
2018-11-22 23:02:00,418 qcc_test.py [line:28] INFO 页面错误
2018-11-22 23:02:06,058 qcc_test.py [line:28] INFO 页面错误
2018-11-22 23:02:11,520 qcc_test.py [line:28] INFO 页面错误
2018-11-22 23:02:15,723 qcc_test.py [line:28] INFO 页面错误
2018-11-22 23:02:20,905 qcc_test.py [line:28] INFO 页面错误
2018-11-22 23:02:25,804 qcc_test.py [line:28] INFO 页面错误
2018-11-22 23:02:30,685 qcc_test.py [line:28] INFO 页面错误
2018-11-22 23:02:34,634 http_tools.py [line:216] INFO continue and 跟换 headers; code error:405{https://m.qichacha.com}
2018-11-22 23:02:59,064 qcc_test.py [line:28] INFO 页面错误
2018-11-22 23:03:03,490 qcc_test.py [line:28] INFO 页面错误
2018-11-22 23:03:08,958 qcc_test.py [line:28] INFO 页面错误
2018-11-22 23:03:13,649 qcc_test.py [line:28] INFO 页面错误
2018-11-22 23:03:17,825 qcc_test.py [line:28] INFO 页面错误
2018-11-22 23:03:23,518 qcc_test.py [line:28] INFO 页面错误
2018-11-22 23:03:27,956 qcc_test.py [line:28] INFO 页面错误
2018-11-22 23:03:32,331 http_tools.py [line:216] INFO continue and 跟换 headers; code error:405{https://m.qichacha.com}
2018-11-22 23:03:46,269 qcc_test.py [line:28] INFO 页面错误
2018-11-22 23:03:50,914 http_tools.py [line:216] INFO continue and 跟换 headers; code error:405{https://m.qichacha.com}
2018-11-22 23:04:14,638 http_tools.py [line:216] INFO continue and 跟换 headers; code error:405{https://m.qichacha.com}
2018-11-22 23:04:46,649 qcc_test.py [line:28] INFO 页面错误
2018-11-22 23:04:50,194 http_tools.py [line:216] INFO continue and 跟换 headers; code error:405{https://m.qichacha.com}
2018-11-22 23:05:16,929 qcc_test.py [line:28] INFO 页面错误
2018-11-22 23:05:28,143 qcc_test.py [line:28] INFO 页面错误
2018-11-22 23:05:43,348 qcc_test.py [line:28] INFO 页面错误
2018-11-22 23:05:57,008 qcc_test.py [line:28] INFO 页面错误
2018-11-22 23:06:07,673 qcc_test.py [line:28] INFO 页面错误
2018-11-22 23:06:15,017 qcc_test.py [line:28] INFO 页面错误
2018-11-22 23:06:18,815 qcc_test.py [line:28] INFO 页面错误
2018-11-22 23:06:23,044 qcc_test.py [line:28] INFO 页面错误
2018-11-22 23:06:28,570 qcc_test.py [line:28] INFO 页面错误
2018-11-22 23:06:34,688 qcc_test.py [line:28] INFO 页面错误
2018-11-22 23:06:40,179 qcc_test.py [line:28] INFO 页面错误
2018-11-22 23:06:43,911 http_tools.py [line:216] INFO continue and 跟换 headers; code error:405{https://m.qichacha.com}
2018-11-22 23:07:12,872 http_tools.py [line:216] INFO continue and 跟换 headers; code error:405{https://m.qichacha.com}
2018-11-22 23:07:31,116 qcc_test.py [line:28] INFO 页面错误
2018-11-22 23:07:35,379 qcc_test.py [line:28] INFO 页面错误
2018-11-22 23:07:41,643 qcc_test.py [line:28] INFO 页面错误
2018-11-22 23:07:46,713 qcc_test.py [line:28] INFO 页面错误
2018-11-22 23:07:51,378 qcc_test.py [line:28] INFO 页面错误
2018-11-22 23:07:56,751 qcc_test.py [line:28] INFO 页面错误
2018-11-22 23:08:01,251 qcc_test.py [line:28] INFO 页面错误
2018-11-22 23:08:05,937 qcc_test.py [line:28] INFO 页面错误
2018-11-22 23:08:09,474 http_tools.py [line:216] INFO continue and 跟换 headers; code error:405{https://m.qichacha.com}
2018-11-22 23:08:27,916 qcc_test.py [line:28] INFO 页面错误
2018-11-22 23:08:32,342 qcc_test.py [line:28] INFO 页面错误
2018-11-22 23:08:37,154 qcc_test.py [line:28] INFO 页面错误
2018-11-22 23:08:42,957 qcc_test.py [line:28] INFO 页面错误
2018-11-22 23:08:47,124 http_tools.py [line:216] INFO continue and 跟换 headers; code error:405{https://m.qichacha.com}
2018-11-22 23:09:05,970 http_tools.py [line:216] INFO continue and 跟换 headers; code error:405{https://m.qichacha.com}
2018-11-22 23:09:17,807 http_tools.py [line:216] INFO continue and 跟换 headers; code error:405{https://m.qichacha.com}
2018-11-22 23:09:33,484 qcc_test.py [line:28] INFO 页面错误
2018-11-22 23:09:38,376 qcc_test.py [line:28] INFO 页面错误
2018-11-22 23:09:44,128 qcc_test.py [line:28] INFO 页面错误
2018-11-22 23:09:49,102 qcc_test.py [line:28] INFO 页面错误
2018-11-22 23:09:52,832 http_tools.py [line:216] INFO continue and 跟换 headers; code error:405{https://m.qichacha.com}
2018-11-22 23:10:13,357 qcc_test.py [line:28] INFO 页面错误
2018-11-22 23:10:18,372 qcc_test.py [line:28] INFO 页面错误
2018-11-22 23:10:22,700 qcc_test.py [line:28] INFO 页面错误
2018-11-22 23:10:28,134 qcc_test.py [line:28] INFO 页面错误
2018-11-22 23:10:32,166 qcc_test.py [line:28] INFO 页面错误
2018-11-22 23:10:37,128 qcc_test.py [line:28] INFO 页面错误
2018-11-22 23:10:42,141 qcc_test.py [line:28] INFO 页面错误
2018-11-22 23:10:47,657 qcc_test.py [line:28] INFO 页面错误
2018-11-22 23:10:51,931 qcc_test.py [line:28] INFO 页面错误
2018-11-22 23:10:56,430 qcc_test.py [line:28] INFO 页面错误
2018-11-22 23:11:01,414 qcc_test.py [line:28] INFO 页面错误
2018-11-22 23:11:05,460 qcc_test.py [line:28] INFO 页面错误
2018-11-22 23:11:08,973 qcc_test.py [line:28] INFO 页面错误
2018-11-22 23:11:13,780 qcc_test.py [line:28] INFO 页面错误
2018-11-22 23:11:19,316 qcc_test.py [line:28] INFO 页面错误
2018-11-22 23:11:23,650 qcc_test.py [line:28] INFO 页面错误
2018-11-22 23:11:28,671 qcc_test.py [line:28] INFO 页面错误
2018-11-22 23:11:34,045 qcc_test.py [line:28] INFO 页面错误
2018-11-22 23:11:37,999 qcc_test.py [line:28] INFO 页面错误
2018-11-22 23:11:43,334 qcc_test.py [line:28] INFO 页面错误
2018-11-22 23:11:47,242 qcc_test.py [line:28] INFO 页面错误
2018-11-22 23:11:51,149 qcc_test.py [line:28] INFO 页面错误
2018-11-22 23:11:55,459 qcc_test.py [line:28] INFO 页面错误
2018-11-22 23:11:59,659 qcc_test.py [line:28] INFO 页面错误
2018-11-22 23:12:04,599 qcc_test.py [line:28] INFO 页面错误
2018-11-22 23:12:09,652 qcc_test.py [line:28] INFO 页面错误
2018-11-22 23:12:15,179 qcc_test.py [line:28] INFO 页面错误
2018-11-22 23:12:20,535 qcc_test.py [line:28] INFO 页面错误
2018-11-22 23:12:26,776 qcc_test.py [line:28] INFO 页面错误
2018-11-22 23:12:32,156 qcc_test.py [line:28] INFO 页面错误
2018-11-22 23:12:37,689 qcc_test.py [line:28] INFO 页面错误
2018-11-22 23:12:41,925 qcc_test.py [line:28] INFO 页面错误
2018-11-22 23:12:46,150 qcc_test.py [line:28] INFO 页面错误
2018-11-22 23:12:50,342 qcc_test.py [line:28] INFO 页面错误
2018-11-22 23:12:54,417 qcc_test.py [line:28] INFO 页面错误
2018-11-22 23:12:59,883 qcc_test.py [line:28] INFO 页面错误
2018-11-22 23:13:04,561 qcc_test.py [line:28] INFO 页面错误
2018-11-22 23:13:12,828 qcc_test.py [line:28] INFO 页面错误
2018-11-22 23:13:18,017 qcc_test.py [line:28] INFO 页面错误
2018-11-22 23:13:25,314 qcc_test.py [line:28] INFO 页面错误
2018-11-22 23:13:31,541 qcc_test.py [line:28] INFO 页面错误
2018-11-22 23:13:37,158 qcc_test.py [line:28] INFO 页面错误
2018-11-22 23:13:42,045 qcc_test.py [line:28] INFO 页面错误
2018-11-22 23:13:48,555 qcc_test.py [line:28] INFO 页面错误
2018-11-22 23:13:52,812 qcc_test.py [line:28] INFO 页面错误
2018-11-22 23:13:57,868 qcc_test.py [line:28] INFO 页面错误
2018-11-22 23:14:02,610 qcc_test.py [line:28] INFO 页面错误
2018-11-22 23:14:07,512 qcc_test.py [line:28] INFO 页面错误
2018-11-22 23:14:12,926 qcc_test.py [line:28] INFO 页面错误
2018-11-22 23:14:17,748 qcc_test.py [line:28] INFO 页面错误
2018-11-22 23:14:22,597 qcc_test.py [line:28] INFO 页面错误
2018-11-22 23:14:27,982 qcc_test.py [line:28] INFO 页面错误
2018-11-22 23:14:32,694 qcc_test.py [line:28] INFO 页面错误
2018-11-22 23:14:37,857 qcc_test.py [line:28] INFO 页面错误
2018-11-22 23:14:43,350 qcc_test.py [line:28] INFO 页面错误
2018-11-22 23:14:48,303 qcc_test.py [line:28] INFO 页面错误
2018-11-22 23:14:52,798 qcc_test.py [line:28] INFO 页面错误
2018-11-22 23:14:58,026 qcc_test.py [line:28] INFO 页面错误
2018-11-22 23:15:02,766 qcc_test.py [line:28] INFO 页面错误
2018-11-22 23:15:07,305 qcc_test.py [line:28] INFO 页面错误
2018-11-22 23:15:12,132 qcc_test.py [line:28] INFO 页面错误
2018-11-22 23:15:16,988 qcc_test.py [line:28] INFO 页面错误
2018-11-22 23:15:22,038 qcc_test.py [line:28] INFO 页面错误
2018-11-22 23:15:26,866 qcc_test.py [line:28] INFO 页面错误
2018-11-22 23:15:30,622 qcc_test.py [line:28] INFO 页面错误
2018-11-22 23:15:36,317 qcc_test.py [line:28] INFO 页面错误
2018-11-22 23:15:40,520 qcc_test.py [line:28] INFO 页面错误
2018-11-22 23:15:45,471 qcc_test.py [line:28] INFO 页面错误
2018-11-22 23:15:50,607 qcc_test.py [line:28] INFO 页面错误
2018-11-22 23:15:55,901 qcc_test.py [line:28] INFO 页面错误
2018-11-22 23:16:02,094 qcc_test.py [line:28] INFO 页面错误
2018-11-22 23:16:08,159 qcc_test.py [line:28] INFO 页面错误
2018-11-22 23:16:12,771 qcc_test.py [line:28] INFO 页面错误
2018-11-22 23:16:18,400 qcc_test.py [line:28] INFO 页面错误
2018-11-22 23:16:22,855 qcc_test.py [line:28] INFO 页面错误
2018-11-22 23:16:27,832 qcc_test.py [line:28] INFO 页面错误
2018-11-22 23:16:32,497 qcc_test.py [line:28] INFO 页面错误
2018-11-22 23:16:38,073 qcc_test.py [line:28] INFO 页面错误
2018-11-22 23:16:42,589 qcc_test.py [line:28] INFO 页面错误
2018-11-22 23:16:48,502 qcc_test.py [line:28] INFO 页面错误
2018-11-22 23:16:52,720 qcc_test.py [line:28] INFO 页面错误
2018-11-22 23:16:57,325 qcc_test.py [line:28] INFO 页面错误
2018-11-22 23:17:01,568 qcc_test.py [line:28] INFO 页面错误
2018-11-22 23:17:06,387 qcc_test.py [line:28] INFO 页面错误
2018-11-22 23:17:11,923 qcc_test.py [line:28] INFO 页面错误
2018-11-22 23:17:15,990 qcc_test.py [line:28] INFO 页面错误
2018-11-22 23:17:22,081 qcc_test.py [line:28] INFO 页面错误
2018-11-22 23:17:27,053 qcc_test.py [line:28] INFO 页面错误
2018-11-22 23:17:32,016 qcc_test.py [line:28] INFO 页面错误
2018-11-22 23:17:37,824 qcc_test.py [line:28] INFO 页面错误
2018-11-22 23:17:43,163 qcc_test.py [line:28] INFO 页面错误
2018-11-22 23:17:47,121 qcc_test.py [line:28] INFO 页面错误
2018-11-22 23:17:52,161 qcc_test.py [line:28] INFO 页面错误
2018-11-22 23:17:57,370 qcc_test.py [line:28] INFO 页面错误
2018-11-22 23:18:02,815 qcc_test.py [line:28] INFO 页面错误
2018-11-22 23:18:07,582 qcc_test.py [line:28] INFO 页面错误
2018-11-22 23:18:12,413 qcc_test.py [line:28] INFO 页面错误
2018-11-22 23:18:16,932 qcc_test.py [line:28] INFO 页面错误
2018-11-22 23:18:22,285 qcc_test.py [line:28] INFO 页面错误
2018-11-22 23:18:26,230 qcc_test.py [line:28] INFO 页面错误
2018-11-22 23:18:32,276 qcc_test.py [line:28] INFO 页面错误
2018-11-22 23:18:36,845 qcc_test.py [line:28] INFO 页面错误
2018-11-22 23:18:42,007 qcc_test.py [line:28] INFO 页面错误
2018-11-22 23:18:46,231 qcc_test.py [line:28] INFO 页面错误
2018-11-22 23:18:50,769 qcc_test.py [line:28] INFO 页面错误
2018-11-22 23:18:56,008 qcc_test.py [line:28] INFO 页面错误
2018-11-22 23:19:00,140 qcc_test.py [line:28] INFO 页面错误
2018-11-22 23:19:05,159 qcc_test.py [line:28] INFO 页面错误
2018-11-22 23:19:09,544 qcc_test.py [line:28] INFO 页面错误
2018-11-22 23:19:13,556 qcc_test.py [line:28] INFO 页面错误
2018-11-22 23:19:17,714 qcc_test.py [line:28] INFO 页面错误
2018-11-22 23:19:23,443 qcc_test.py [line:28] INFO 页面错误
2018-11-22 23:19:28,835 qcc_test.py [line:28] INFO 页面错误
2018-11-22 23:19:34,028 qcc_test.py [line:28] INFO 页面错误
2018-11-22 23:19:38,885 qcc_test.py [line:28] INFO 页面错误
2018-11-22 23:19:44,456 qcc_test.py [line:28] INFO 页面错误
2018-11-22 23:19:48,801 qcc_test.py [line:28] INFO 页面错误
2018-11-22 23:19:53,713 qcc_test.py [line:28] INFO 页面错误
2018-11-22 23:19:59,241 qcc_test.py [line:28] INFO 页面错误
2018-11-22 23:20:03,066 qcc_test.py [line:28] INFO 页面错误
2018-11-22 23:20:07,976 qcc_test.py [line:28] INFO 页面错误
2018-11-22 23:20:13,064 qcc_test.py [line:28] INFO 页面错误
2018-11-22 23:20:22,038 qcc_test.py [line:28] INFO 页面错误
2018-11-22 23:20:26,599 qcc_test.py [line:28] INFO 页面错误
2018-11-22 23:20:31,527 qcc_test.py [line:28] INFO 页面错误
2018-11-22 23:20:36,930 qcc_test.py [line:28] INFO 页面错误
2018-11-22 23:20:41,425 qcc_test.py [line:28] INFO 页面错误
2018-11-22 23:20:47,318 qcc_test.py [line:28] INFO 页面错误
2018-11-22 23:20:51,517 qcc_test.py [line:28] INFO 页面错误
2018-11-22 23:20:56,408 qcc_test.py [line:28] INFO 页面错误
2018-11-22 23:21:02,558 qcc_test.py [line:28] INFO 页面错误
2018-11-22 23:21:08,660 qcc_test.py [line:28] INFO 页面错误
2018-11-22 23:21:13,241 qcc_test.py [line:28] INFO 页面错误
2018-11-22 23:21:19,370 qcc_test.py [line:28] INFO 页面错误
2018-11-22 23:21:24,806 qcc_test.py [line:28] INFO 页面错误
2018-11-22 23:21:29,103 qcc_test.py [line:28] INFO 页面错误
2018-11-22 23:21:53,714 http_tools.py [line:225] INFO conn--error-->请求失败url{https://m.qichacha.com} HTTPSConnectionPool(host='m.qichacha.com', port=443): Max retries exceeded with url: / (Caused by SSLError(SSLError("bad handshake: SysCallError(10054, 'WSAECONNRESET')",),))
2018-11-22 23:22:05,367 qcc_test.py [line:28] INFO 页面错误
2018-11-22 23:22:10,207 qcc_test.py [line:28] INFO 页面错误
2018-11-22 23:22:16,411 qcc_test.py [line:28] INFO 页面错误
2018-11-22 23:22:21,202 qcc_test.py [line:28] INFO 页面错误
2018-11-22 23:22:26,511 qcc_test.py [line:28] INFO 页面错误
2018-11-22 23:22:32,146 qcc_test.py [line:28] INFO 页面错误
2018-11-22 23:22:38,183 qcc_test.py [line:28] INFO 页面错误
2018-11-22 23:22:43,726 qcc_test.py [line:28] INFO 页面错误
2018-11-22 23:22:48,757 qcc_test.py [line:28] INFO 页面错误
2018-11-22 23:22:54,039 qcc_test.py [line:28] INFO 页面错误
2018-11-22 23:22:59,970 qcc_test.py [line:28] INFO 页面错误
2018-11-22 23:23:05,070 qcc_test.py [line:28] INFO 页面错误
2018-11-22 23:23:10,324 qcc_test.py [line:28] INFO 页面错误
2018-11-22 23:23:14,656 qcc_test.py [line:28] INFO 页面错误
2018-11-22 23:23:19,363 qcc_test.py [line:28] INFO 页面错误
2018-11-22 23:23:25,591 qcc_test.py [line:28] INFO 页面错误
2018-11-22 23:23:30,524 qcc_test.py [line:28] INFO 页面错误
2018-11-22 23:23:35,338 qcc_test.py [line:28] INFO 页面错误
2018-11-22 23:23:41,126 qcc_test.py [line:28] INFO 页面错误
2018-11-22 23:23:46,180 qcc_test.py [line:28] INFO 页面错误
2018-11-22 23:23:52,041 qcc_test.py [line:28] INFO 页面错误
2018-11-22 23:23:56,978 qcc_test.py [line:28] INFO 页面错误
2018-11-22 23:24:01,764 qcc_test.py [line:28] INFO 页面错误
2018-11-22 23:24:06,907 qcc_test.py [line:28] INFO 页面错误
2018-11-22 23:24:12,186 qcc_test.py [line:28] INFO 页面错误
2018-11-22 23:24:17,015 qcc_test.py [line:28] INFO 页面错误
2018-11-22 23:24:21,904 qcc_test.py [line:28] INFO 页面错误
2018-11-22 23:24:25,767 qcc_test.py [line:28] INFO 页面错误
2018-11-22 23:24:31,332 qcc_test.py [line:28] INFO 页面错误
2018-11-22 23:24:37,083 qcc_test.py [line:28] INFO 页面错误
2018-11-22 23:24:41,802 qcc_test.py [line:28] INFO 页面错误
2018-11-22 23:24:46,658 qcc_test.py [line:28] INFO 页面错误
2018-11-22 23:24:51,526 qcc_test.py [line:28] INFO 页面错误
2018-11-22 23:24:55,860 qcc_test.py [line:28] INFO 页面错误
2018-11-22 23:25:01,466 qcc_test.py [line:28] INFO 页面错误
2018-11-22 23:25:07,073 qcc_test.py [line:28] INFO 页面错误
2018-11-22 23:25:12,720 qcc_test.py [line:28] INFO 页面错误
2018-11-22 23:25:17,787 qcc_test.py [line:28] INFO 页面错误
2018-11-22 23:25:21,838 qcc_test.py [line:28] INFO 页面错误
2018-11-22 23:25:26,078 qcc_test.py [line:28] INFO 页面错误
2018-11-22 23:25:30,336 qcc_test.py [line:28] INFO 页面错误
2018-11-22 23:25:36,199 qcc_test.py [line:28] INFO 页面错误
2018-11-22 23:25:41,987 qcc_test.py [line:28] INFO 页面错误
2018-11-22 23:25:46,647 qcc_test.py [line:28] INFO 页面错误
2018-11-22 23:25:51,175 qcc_test.py [line:28] INFO 页面错误
2018-11-22 23:25:56,474 qcc_test.py [line:28] INFO 页面错误
2018-11-22 23:26:01,317 qcc_test.py [line:28] INFO 页面错误
2018-11-22 23:26:06,362 qcc_test.py [line:28] INFO 页面错误
2018-11-22 23:26:11,377 qcc_test.py [line:28] INFO 页面错误
2018-11-22 23:26:17,454 qcc_test.py [line:28] INFO 页面错误
2018-11-22 23:26:23,153 qcc_test.py [line:28] INFO 页面错误
2018-11-22 23:26:27,882 qcc_test.py [line:28] INFO 页面错误
2018-11-22 23:26:32,565 qcc_test.py [line:28] INFO 页面错误
2018-11-22 23:26:38,248 qcc_test.py [line:28] INFO 页面错误
2018-11-22 23:26:46,099 qcc_test.py [line:28] INFO 页面错误
2018-11-22 23:26:53,004 qcc_test.py [line:28] INFO 页面错误
2018-11-22 23:26:56,764 qcc_test.py [line:28] INFO 页面错误
